{"/Users/martinzhou/Documents/Martin/Rice/Comp431/hw5/src/actions.js":{"path":"/Users/martinzhou/Documents/Martin/Rice/Comp431/hw5/src/actions.js","s":{"1":1,"2":1,"3":1,"4":1,"5":1,"6":1,"7":1,"8":1,"9":1,"10":1,"11":1,"12":1,"13":1,"14":2,"15":1,"16":1,"17":0,"18":1,"19":0,"20":1,"21":0,"22":1,"23":0,"24":1,"25":0,"26":1,"27":0,"28":1,"29":0,"30":0,"31":0,"32":0,"33":0,"34":0,"35":0,"36":0},"b":{"1":[0,2],"2":[2,2],"3":[0,0],"4":[0,0],"5":[0,0]},"f":{"1":2,"2":0,"3":0,"4":0,"5":0,"6":0,"7":0,"8":0,"9":0},"fnMap":{"1":{"name":"_interopRequireDefault","line":22,"loc":{"start":{"line":0,"column":0},"end":{"line":0,"column":0},"skip":true},"skip":true},"2":{"name":"navToProfile","line":26,"loc":{"start":{"line":6,"column":7},"end":{"line":6,"column":31}}},"3":{"name":"navToMain","line":29,"loc":{"start":{"line":7,"column":7},"end":{"line":7,"column":28}}},"4":{"name":"navToLanding","line":32,"loc":{"start":{"line":8,"column":7},"end":{"line":8,"column":31}}},"5":{"name":"updateError","line":35,"loc":{"start":{"line":9,"column":7},"end":{"line":9,"column":35}}},"6":{"name":"updateSuccess","line":38,"loc":{"start":{"line":10,"column":7},"end":{"line":10,"column":39}}},"7":{"name":"clearInfo","line":41,"loc":{"start":{"line":11,"column":7},"end":{"line":11,"column":28}}},"8":{"name":"resource","line":45,"loc":{"start":{"line":13,"column":24},"end":{"line":13,"column":55}}},"9":{"name":"(anonymous_9)","line":55,"loc":{"start":{"line":24,"column":10},"end":{"line":24,"column":15}}}},"statementMap":{"1":{"start":{"line":0,"column":0},"end":{"line":0,"column":0},"skip":true},"2":{"start":{"line":0,"column":0},"end":{"line":0,"column":0},"skip":true},"3":{"start":{"line":0,"column":0},"end":{"line":0,"column":0},"skip":true},"4":{"start":{"line":0,"column":0},"end":{"line":0,"column":0},"skip":true},"5":{"start":{"line":0,"column":0},"end":{"line":0,"column":0},"skip":true},"6":{"start":{"line":0,"column":0},"end":{"line":0,"column":0},"skip":true},"7":{"start":{"line":0,"column":0},"end":{"line":0,"column":0},"skip":true},"8":{"start":{"line":0,"column":0},"end":{"line":0,"column":0},"skip":true},"9":{"start":{"line":1,"column":-15},"end":{"line":1,"column":-15}},"10":{"start":{"line":0,"column":0},"end":{"line":0,"column":0},"skip":true},"11":{"start":{"line":2,"column":0},"end":{"line":2,"column":0}},"12":{"start":{"line":0,"column":0},"end":{"line":0,"column":0},"skip":true},"13":{"start":{"line":0,"column":0},"end":{"line":0,"column":0},"skip":true},"14":{"start":{"line":0,"column":0},"end":{"line":0,"column":0},"skip":true},"15":{"start":{"line":4,"column":7},"end":{"line":4,"column":7}},"16":{"start":{"line":6,"column":7},"end":{"line":6,"column":64}},"17":{"start":{"line":6,"column":33},"end":{"line":6,"column":33}},"18":{"start":{"line":7,"column":7},"end":{"line":7,"column":58}},"19":{"start":{"line":7,"column":30},"end":{"line":7,"column":30}},"20":{"start":{"line":8,"column":7},"end":{"line":8,"column":64}},"21":{"start":{"line":8,"column":33},"end":{"line":8,"column":33}},"22":{"start":{"line":9,"column":7},"end":{"line":9,"column":69}},"23":{"start":{"line":9,"column":37},"end":{"line":9,"column":37}},"24":{"start":{"line":10,"column":7},"end":{"line":10,"column":77}},"25":{"start":{"line":10,"column":41},"end":{"line":10,"column":41}},"26":{"start":{"line":11,"column":7},"end":{"line":11,"column":57}},"27":{"start":{"line":11,"column":29},"end":{"line":11,"column":29}},"28":{"start":{"line":13,"column":7},"end":{"line":13,"column":7}},"29":{"start":{"line":14,"column":2},"end":{"line":14,"column":2}},"30":{"start":{"line":21,"column":2},"end":{"line":21,"column":15}},"31":{"start":{"line":21,"column":15},"end":{"line":21,"column":15}},"32":{"start":{"line":23,"column":2},"end":{"line":23,"column":2}},"33":{"start":{"line":25,"column":6},"end":{"line":31,"column":7}},"34":{"start":{"line":26,"column":8},"end":{"line":26,"column":8}},"35":{"start":{"line":29,"column":8},"end":{"line":29,"column":8}},"36":{"start":{"line":30,"column":8},"end":{"line":30,"column":8}}},"branchMap":{"1":{"line":22,"type":"cond-expr","locations":[{"start":{"line":0,"column":0},"end":{"line":0,"column":0},"skip":true},{"start":{"line":0,"column":0},"end":{"line":0,"column":0},"skip":true}]},"2":{"line":22,"type":"binary-expr","locations":[{"start":{"line":0,"column":0},"end":{"line":0,"column":0},"skip":true},{"start":{"line":0,"column":0},"end":{"line":0,"column":0},"skip":true}]},"3":{"line":53,"type":"if","locations":[{"start":{"line":21,"column":2},"end":{"line":21,"column":2}},{"start":{"line":21,"column":2},"end":{"line":21,"column":2}}]},"4":{"line":56,"type":"if","locations":[{"start":{"line":25,"column":6},"end":{"line":25,"column":6}},{"start":{"line":25,"column":6},"end":{"line":25,"column":6}}]},"5":{"line":57,"type":"cond-expr","locations":[{"start":{"line":26,"column":69},"end":{"line":26,"column":15}},{"start":{"line":26,"column":80},"end":{"line":26,"column":8}}]}}},"/Users/martinzhou/Documents/Martin/Rice/Comp431/hw5/src/actions.spec.js":{"path":"/Users/martinzhou/Documents/Martin/Rice/Comp431/hw5/src/actions.spec.js","s":{"1":1,"2":1,"3":1,"4":1,"5":1,"6":1,"7":2,"8":1,"9":0,"10":0,"11":0,"12":0,"13":0,"14":0,"15":0,"16":0,"17":0,"18":0,"19":0,"20":0,"21":0,"22":0,"23":0,"24":0,"25":0,"26":0,"27":0,"28":0,"29":0,"30":0,"31":0,"32":0,"33":0,"34":0,"35":0,"36":0,"37":0,"38":0,"39":0,"40":0,"41":0,"42":0,"43":0,"44":0,"45":0,"46":0,"47":0,"48":0,"49":0,"50":0,"51":0,"52":0,"53":0,"54":0,"55":0,"56":0,"57":0,"58":0,"59":0,"60":0,"61":0,"62":0,"63":0,"64":0},"b":{"1":[0,2],"2":[2,2],"3":[0,0],"4":[0,0]},"f":{"1":2,"2":0,"3":0,"4":0,"5":0,"6":0,"7":0,"8":0,"9":0,"10":0,"11":0,"12":0},"fnMap":{"1":{"name":"_interopRequireDefault","line":13,"loc":{"start":{"line":0,"column":0},"end":{"line":0,"column":0},"skip":true},"skip":true},"2":{"name":"(anonymous_2)","line":15,"loc":{"start":{"line":7,"column":34},"end":{"line":7,"column":40}}},"3":{"name":"(anonymous_3)","line":26,"loc":{"start":{"line":12,"column":15},"end":{"line":12,"column":21}}},"4":{"name":"(anonymous_4)","line":41,"loc":{"start":{"line":27,"column":14},"end":{"line":27,"column":20}}},"5":{"name":"(anonymous_5)","line":48,"loc":{"start":{"line":34,"column":70},"end":{"line":34,"column":78}}},"6":{"name":"(anonymous_6)","line":77,"loc":{"start":{"line":64,"column":14},"end":{"line":64,"column":19}}},"7":{"name":"(anonymous_7)","line":79,"loc":{"start":{"line":67,"column":14},"end":{"line":67,"column":19}}},"8":{"name":"(anonymous_8)","line":85,"loc":{"start":{"line":73,"column":49},"end":{"line":73,"column":57}}},"9":{"name":"(anonymous_9)","line":102,"loc":{"start":{"line":91,"column":14},"end":{"line":91,"column":19}}},"10":{"name":"(anonymous_10)","line":108,"loc":{"start":{"line":97,"column":38},"end":{"line":97,"column":46}}},"11":{"name":"(anonymous_11)","line":115,"loc":{"start":{"line":104,"column":40},"end":{"line":104,"column":48}}},"12":{"name":"(anonymous_12)","line":122,"loc":{"start":{"line":111,"column":57},"end":{"line":111,"column":65}}}},"statementMap":{"1":{"start":{"line":1,"column":-15},"end":{"line":1,"column":-15}},"2":{"start":{"line":2,"column":0},"end":{"line":2,"column":0}},"3":{"start":{"line":0,"column":0},"end":{"line":0,"column":0},"skip":true},"4":{"start":{"line":3,"column":0},"end":{"line":3,"column":0}},"5":{"start":{"line":0,"column":0},"end":{"line":0,"column":0},"skip":true},"6":{"start":{"line":0,"column":0},"end":{"line":0,"column":0},"skip":true},"7":{"start":{"line":0,"column":0},"end":{"line":0,"column":0},"skip":true},"8":{"start":{"line":7,"column":0},"end":{"line":7,"column":0}},"9":{"start":{"line":9,"column":4},"end":{"line":9,"column":4}},"10":{"start":{"line":10,"column":4},"end":{"line":10,"column":4}},"11":{"start":{"line":12,"column":4},"end":{"line":12,"column":4}},"12":{"start":{"line":13,"column":8},"end":{"line":24,"column":9}},"13":{"start":{"line":14,"column":12},"end":{"line":14,"column":12}},"14":{"start":{"line":15,"column":12},"end":{"line":15,"column":12}},"15":{"start":{"line":16,"column":12},"end":{"line":16,"column":12}},"16":{"start":{"line":17,"column":12},"end":{"line":17,"column":12}},"17":{"start":{"line":18,"column":12},"end":{"line":18,"column":12}},"18":{"start":{"line":19,"column":12},"end":{"line":19,"column":12}},"19":{"start":{"line":20,"column":12},"end":{"line":20,"column":12}},"20":{"start":{"line":21,"column":12},"end":{"line":21,"column":12}},"21":{"start":{"line":22,"column":12},"end":{"line":22,"column":12}},"22":{"start":{"line":23,"column":12},"end":{"line":23,"column":12}},"23":{"start":{"line":27,"column":4},"end":{"line":27,"column":4}},"24":{"start":{"line":28,"column":8},"end":{"line":31,"column":9}},"25":{"start":{"line":29,"column":12},"end":{"line":29,"column":12}},"26":{"start":{"line":30,"column":12},"end":{"line":30,"column":12}},"27":{"start":{"line":34,"column":4},"end":{"line":34,"column":4}},"28":{"start":{"line":36,"column":8},"end":{"line":36,"column":8}},"29":{"start":{"line":37,"column":8},"end":{"line":37,"column":8}},"30":{"start":{"line":39,"column":8},"end":{"line":39,"column":8}},"31":{"start":{"line":48,"column":8},"end":{"line":48,"column":8}},"32":{"start":{"line":57,"column":8},"end":{"line":57,"column":8}},"33":{"start":{"line":58,"column":8},"end":{"line":58,"column":8}},"34":{"start":{"line":60,"column":8},"end":{"line":60,"column":8}},"35":{"start":{"line":65,"column":12},"end":{"line":65,"column":12}},"36":{"start":{"line":68,"column":12},"end":{"line":68,"column":12}},"37":{"start":{"line":70,"column":8},"end":{"line":70,"column":8}},"38":{"start":{"line":73,"column":4},"end":{"line":73,"column":4}},"39":{"start":{"line":75,"column":8},"end":{"line":75,"column":8}},"40":{"start":{"line":76,"column":8},"end":{"line":76,"column":8}},"41":{"start":{"line":77,"column":8},"end":{"line":77,"column":8}},"42":{"start":{"line":79,"column":8},"end":{"line":79,"column":8}},"43":{"start":{"line":88,"column":8},"end":{"line":88,"column":8}},"44":{"start":{"line":90,"column":8},"end":{"line":90,"column":8}},"45":{"start":{"line":92,"column":12},"end":{"line":92,"column":12}},"46":{"start":{"line":94,"column":8},"end":{"line":94,"column":8}},"47":{"start":{"line":97,"column":4},"end":{"line":97,"column":4}},"48":{"start":{"line":98,"column":8},"end":{"line":98,"column":8}},"49":{"start":{"line":99,"column":8},"end":{"line":99,"column":8}},"50":{"start":{"line":100,"column":8},"end":{"line":100,"column":8}},"51":{"start":{"line":101,"column":8},"end":{"line":101,"column":8}},"52":{"start":{"line":104,"column":4},"end":{"line":104,"column":4}},"53":{"start":{"line":105,"column":8},"end":{"line":105,"column":8}},"54":{"start":{"line":106,"column":8},"end":{"line":106,"column":8}},"55":{"start":{"line":107,"column":8},"end":{"line":107,"column":8}},"56":{"start":{"line":108,"column":8},"end":{"line":108,"column":8}},"57":{"start":{"line":111,"column":4},"end":{"line":111,"column":4}},"58":{"start":{"line":112,"column":8},"end":{"line":112,"column":8}},"59":{"start":{"line":113,"column":8},"end":{"line":113,"column":8}},"60":{"start":{"line":114,"column":8},"end":{"line":114,"column":8}},"61":{"start":{"line":115,"column":8},"end":{"line":115,"column":8}},"62":{"start":{"line":116,"column":8},"end":{"line":116,"column":8}},"63":{"start":{"line":117,"column":8},"end":{"line":117,"column":8}},"64":{"start":{"line":118,"column":8},"end":{"line":118,"column":8}}},"branchMap":{"1":{"line":13,"type":"cond-expr","locations":[{"start":{"line":0,"column":0},"end":{"line":0,"column":0},"skip":true},{"start":{"line":0,"column":0},"end":{"line":0,"column":0},"skip":true}]},"2":{"line":13,"type":"binary-expr","locations":[{"start":{"line":0,"column":0},"end":{"line":0,"column":0},"skip":true},{"start":{"line":0,"column":0},"end":{"line":0,"column":0},"skip":true}]},"3":{"line":27,"type":"if","locations":[{"start":{"line":13,"column":8},"end":{"line":13,"column":8}},{"start":{"line":13,"column":8},"end":{"line":13,"column":8}}]},"4":{"line":42,"type":"if","locations":[{"start":{"line":28,"column":8},"end":{"line":28,"column":8}},{"start":{"line":28,"column":8},"end":{"line":28,"column":8}}]}}},"/Users/martinzhou/Documents/Martin/Rice/Comp431/hw5/src/components/app.js":{"path":"/Users/martinzhou/Documents/Martin/Rice/Comp431/hw5/src/components/app.js","s":{"1":1,"2":1,"3":1,"4":1,"5":1,"6":1,"7":1,"8":1,"9":1,"10":1,"11":1,"12":1,"13":1,"14":5,"15":1,"16":0,"17":0,"18":0,"19":0,"20":0,"21":0,"22":0,"23":0,"24":0,"25":0,"26":0,"27":0,"28":1,"29":0},"b":{"1":[4,1],"2":[5,5],"3":[0,0],"4":[0,0],"5":[0,0]},"f":{"1":5,"2":0,"3":0},"fnMap":{"1":{"name":"_interopRequireDefault","line":29,"loc":{"start":{"line":0,"column":0},"end":{"line":0,"column":0},"skip":true},"skip":true},"2":{"name":"App","line":31,"loc":{"start":{"line":9,"column":12},"end":{"line":9,"column":28}}},"3":{"name":"(anonymous_3)","line":58,"loc":{"start":{"line":33,"column":23},"end":{"line":33,"column":34}}}},"statementMap":{"1":{"start":{"line":0,"column":0},"end":{"line":0,"column":0},"skip":true},"2":{"start":{"line":1,"column":-15},"end":{"line":1,"column":-15}},"3":{"start":{"line":0,"column":0},"end":{"line":0,"column":0},"skip":true},"4":{"start":{"line":2,"column":0},"end":{"line":2,"column":0}},"5":{"start":{"line":4,"column":0},"end":{"line":4,"column":0}},"6":{"start":{"line":0,"column":0},"end":{"line":0,"column":0},"skip":true},"7":{"start":{"line":5,"column":0},"end":{"line":5,"column":0}},"8":{"start":{"line":0,"column":0},"end":{"line":0,"column":0},"skip":true},"9":{"start":{"line":6,"column":0},"end":{"line":6,"column":0}},"10":{"start":{"line":0,"column":0},"end":{"line":0,"column":0},"skip":true},"11":{"start":{"line":7,"column":0},"end":{"line":7,"column":0}},"12":{"start":{"line":0,"column":0},"end":{"line":0,"column":0},"skip":true},"13":{"start":{"line":0,"column":0},"end":{"line":0,"column":0},"skip":true},"14":{"start":{"line":0,"column":0},"end":{"line":0,"column":0},"skip":true},"15":{"start":{"line":9,"column":0},"end":{"line":9,"column":0}},"16":{"start":{"line":9,"column":28},"end":{"line":9,"column":28}},"17":{"start":{"line":12,"column":4},"end":{"line":12,"column":4}},"18":{"start":{"line":14,"column":4},"end":{"line":23,"column":5}},"19":{"start":{"line":15,"column":8},"end":{"line":15,"column":8}},"20":{"start":{"line":16,"column":8},"end":{"line":16,"column":8}},"21":{"start":{"line":17,"column":11},"end":{"line":23,"column":5}},"22":{"start":{"line":18,"column":8},"end":{"line":18,"column":8}},"23":{"start":{"line":19,"column":8},"end":{"line":19,"column":8}},"24":{"start":{"line":20,"column":11},"end":{"line":23,"column":5}},"25":{"start":{"line":21,"column":8},"end":{"line":21,"column":8}},"26":{"start":{"line":22,"column":8},"end":{"line":22,"column":8}},"27":{"start":{"line":25,"column":4},"end":{"line":25,"column":4}},"28":{"start":{"line":0,"column":0},"end":{"line":0,"column":0},"skip":true},"29":{"start":{"line":34,"column":4},"end":{"line":34,"column":4}}},"branchMap":{"1":{"line":29,"type":"cond-expr","locations":[{"start":{"line":0,"column":0},"end":{"line":0,"column":0},"skip":true},{"start":{"line":0,"column":0},"end":{"line":0,"column":0},"skip":true}]},"2":{"line":29,"type":"binary-expr","locations":[{"start":{"line":0,"column":0},"end":{"line":0,"column":0},"skip":true},{"start":{"line":0,"column":0},"end":{"line":0,"column":0},"skip":true}]},"3":{"line":39,"type":"if","locations":[{"start":{"line":14,"column":4},"end":{"line":14,"column":4}},{"start":{"line":14,"column":4},"end":{"line":14,"column":4}}]},"4":{"line":42,"type":"if","locations":[{"start":{"line":17,"column":11},"end":{"line":17,"column":11}},{"start":{"line":17,"column":11},"end":{"line":17,"column":11}}]},"5":{"line":45,"type":"if","locations":[{"start":{"line":20,"column":11},"end":{"line":20,"column":11}},{"start":{"line":20,"column":11},"end":{"line":20,"column":11}}]}}},"/Users/martinzhou/Documents/Martin/Rice/Comp431/hw5/src/components/auth/landing.js":{"path":"/Users/martinzhou/Documents/Martin/Rice/Comp431/hw5/src/components/auth/landing.js","s":{"1":1,"2":1,"3":1,"4":1,"5":1,"6":1,"7":1,"8":1,"9":1,"10":3,"11":1,"12":0,"13":0,"14":0,"15":1,"16":1,"17":0,"18":1,"19":0,"20":1},"b":{"1":[2,1],"2":[3,3],"3":[0,0],"4":[0,0]},"f":{"1":3,"2":0,"3":0,"4":0},"fnMap":{"1":{"name":"_interopRequireDefault","line":21,"loc":{"start":{"line":0,"column":0},"end":{"line":0,"column":0},"skip":true},"skip":true},"2":{"name":"ErrorMessage","line":23,"loc":{"start":{"line":7,"column":19},"end":{"line":7,"column":19}}},"3":{"name":"(anonymous_3)","line":67,"loc":{"start":{"line":31,"column":23},"end":{"line":31,"column":34}}},"4":{"name":"Landing","line":71,"loc":{"start":{"line":35,"column":16},"end":{"line":35,"column":16}}}},"statementMap":{"1":{"start":{"line":0,"column":0},"end":{"line":0,"column":0},"skip":true},"2":{"start":{"line":1,"column":-15},"end":{"line":1,"column":-15}},"3":{"start":{"line":0,"column":0},"end":{"line":0,"column":0},"skip":true},"4":{"start":{"line":2,"column":0},"end":{"line":2,"column":0}},"5":{"start":{"line":4,"column":0},"end":{"line":4,"column":0}},"6":{"start":{"line":0,"column":0},"end":{"line":0,"column":0},"skip":true},"7":{"start":{"line":5,"column":0},"end":{"line":5,"column":0}},"8":{"start":{"line":0,"column":0},"end":{"line":0,"column":0},"skip":true},"9":{"start":{"line":0,"column":0},"end":{"line":0,"column":0},"skip":true},"10":{"start":{"line":0,"column":0},"end":{"line":0,"column":0},"skip":true},"11":{"start":{"line":7,"column":0},"end":{"line":7,"column":0}},"12":{"start":{"line":7,"column":19},"end":{"line":7,"column":19}},"13":{"start":{"line":7,"column":19},"end":{"line":7,"column":19}},"14":{"start":{"line":7,"column":19},"end":{"line":7,"column":19}},"15":{"start":{"line":27,"column":0},"end":{"line":27,"column":0}},"16":{"start":{"line":31,"column":0},"end":{"line":31,"column":0}},"17":{"start":{"line":32,"column":4},"end":{"line":32,"column":4}},"18":{"start":{"line":35,"column":0},"end":{"line":35,"column":0}},"19":{"start":{"line":35,"column":16},"end":{"line":35,"column":16}},"20":{"start":{"line":0,"column":0},"end":{"line":0,"column":0},"skip":true}},"branchMap":{"1":{"line":21,"type":"cond-expr","locations":[{"start":{"line":0,"column":0},"end":{"line":0,"column":0},"skip":true},{"start":{"line":0,"column":0},"end":{"line":0,"column":0},"skip":true}]},"2":{"line":21,"type":"binary-expr","locations":[{"start":{"line":0,"column":0},"end":{"line":0,"column":0},"skip":true},{"start":{"line":0,"column":0},"end":{"line":0,"column":0},"skip":true}]},"3":{"line":29,"type":"cond-expr","locations":[{"start":{"line":9,"column":24},"end":{"line":9,"column":10}},{"start":{"line":10,"column":12},"end":{"line":8,"column":4}}]},"4":{"line":45,"type":"cond-expr","locations":[{"start":{"line":17,"column":26},"end":{"line":17,"column":10}},{"start":{"line":18,"column":12},"end":{"line":18,"column":12}}]}}},"/Users/martinzhou/Documents/Martin/Rice/Comp431/hw5/src/components/auth/login.js":{"path":"/Users/martinzhou/Documents/Martin/Rice/Comp431/hw5/src/components/auth/login.js","s":{"1":1,"2":1,"3":1,"4":1,"5":1,"6":1,"7":1,"8":1,"9":1,"10":0,"11":0,"12":0,"13":0,"14":0,"15":0,"16":0,"17":0,"18":0,"19":0,"20":0,"21":1},"b":{"1":[0,1],"2":[1,1],"3":[0,0],"4":[0,0]},"f":{"1":1,"2":0,"3":0,"4":0,"5":0},"fnMap":{"1":{"name":"_interopRequireDefault","line":17,"loc":{"start":{"line":0,"column":0},"end":{"line":0,"column":0},"skip":true},"skip":true},"2":{"name":"Login","line":19,"loc":{"start":{"line":6,"column":14},"end":{"line":6,"column":30}}},"3":{"name":"ref","line":42,"loc":{"start":{"line":15,"column":65},"end":{"line":15,"column":65}}},"4":{"name":"ref","line":51,"loc":{"start":{"line":18,"column":69},"end":{"line":18,"column":69}}},"5":{"name":"onClick","line":59,"loc":{"start":{"line":22,"column":92},"end":{"line":22,"column":99}}}},"statementMap":{"1":{"start":{"line":0,"column":0},"end":{"line":0,"column":0},"skip":true},"2":{"start":{"line":1,"column":-15},"end":{"line":1,"column":-15}},"3":{"start":{"line":0,"column":0},"end":{"line":0,"column":0},"skip":true},"4":{"start":{"line":2,"column":0},"end":{"line":2,"column":0}},"5":{"start":{"line":3,"column":0},"end":{"line":3,"column":0}},"6":{"start":{"line":4,"column":0},"end":{"line":4,"column":0}},"7":{"start":{"line":0,"column":0},"end":{"line":0,"column":0},"skip":true},"8":{"start":{"line":0,"column":0},"end":{"line":0,"column":0},"skip":true},"9":{"start":{"line":6,"column":0},"end":{"line":6,"column":0}},"10":{"start":{"line":6,"column":30},"end":{"line":6,"column":30}},"11":{"start":{"line":8,"column":4},"end":{"line":8,"column":4}},"12":{"start":{"line":10,"column":4},"end":{"line":10,"column":4}},"13":{"start":{"line":15,"column":65},"end":{"line":15,"column":65}},"14":{"start":{"line":18,"column":69},"end":{"line":18,"column":69}},"15":{"start":{"line":23,"column":20},"end":{"line":23,"column":20}},"16":{"start":{"line":24,"column":20},"end":{"line":30,"column":21}},"17":{"start":{"line":25,"column":24},"end":{"line":25,"column":24}},"18":{"start":{"line":26,"column":27},"end":{"line":30,"column":21}},"19":{"start":{"line":27,"column":24},"end":{"line":27,"column":24}},"20":{"start":{"line":29,"column":24},"end":{"line":29,"column":24}},"21":{"start":{"line":0,"column":0},"end":{"line":0,"column":0},"skip":true}},"branchMap":{"1":{"line":17,"type":"cond-expr","locations":[{"start":{"line":0,"column":0},"end":{"line":0,"column":0},"skip":true},{"start":{"line":0,"column":0},"end":{"line":0,"column":0},"skip":true}]},"2":{"line":17,"type":"binary-expr","locations":[{"start":{"line":0,"column":0},"end":{"line":0,"column":0},"skip":true},{"start":{"line":0,"column":0},"end":{"line":0,"column":0},"skip":true}]},"3":{"line":61,"type":"if","locations":[{"start":{"line":24,"column":20},"end":{"line":24,"column":20}},{"start":{"line":24,"column":20},"end":{"line":24,"column":20}}]},"4":{"line":63,"type":"if","locations":[{"start":{"line":26,"column":27},"end":{"line":26,"column":27}},{"start":{"line":26,"column":27},"end":{"line":26,"column":27}}]}}},"/Users/martinzhou/Documents/Martin/Rice/Comp431/hw5/src/components/auth/authActions.js":{"path":"/Users/martinzhou/Documents/Martin/Rice/Comp431/hw5/src/components/auth/authActions.js","s":{"1":1,"2":1,"3":1,"4":1,"5":1,"6":1,"7":1,"8":1,"9":1,"10":0,"11":0,"12":0,"13":0,"14":0,"15":0,"16":1,"17":0,"18":1,"19":0,"20":0,"21":0,"22":0,"23":0,"24":1,"25":0,"26":0,"27":0,"28":0,"29":0},"b":{},"f":{"1":0,"2":0,"3":0,"4":0,"5":0,"6":0,"7":0,"8":0,"9":0,"10":0,"11":0,"12":0,"13":0},"fnMap":{"1":{"name":"initialVisit","line":18,"loc":{"start":{"line":7,"column":7},"end":{"line":7,"column":31}}},"2":{"name":"(anonymous_2)","line":19,"loc":{"start":{"line":8,"column":11},"end":{"line":8,"column":25}}},"3":{"name":"(anonymous_3)","line":21,"loc":{"start":{"line":10,"column":42},"end":{"line":10,"column":56}}},"4":{"name":"(anonymous_4)","line":26,"loc":{"start":{"line":15,"column":17},"end":{"line":15,"column":26}}},"5":{"name":"updateInfo","line":32,"loc":{"start":{"line":21,"column":19},"end":{"line":21,"column":43}}},"6":{"name":"login","line":36,"loc":{"start":{"line":24,"column":7},"end":{"line":24,"column":42}}},"7":{"name":"(anonymous_7)","line":37,"loc":{"start":{"line":25,"column":11},"end":{"line":25,"column":25}}},"8":{"name":"(anonymous_8)","line":38,"loc":{"start":{"line":27,"column":14},"end":{"line":27,"column":28}}},"9":{"name":"(anonymous_9)","line":41,"loc":{"start":{"line":30,"column":17},"end":{"line":30,"column":26}}},"10":{"name":"logout","line":47,"loc":{"start":{"line":36,"column":7},"end":{"line":36,"column":25}}},"11":{"name":"(anonymous_11)","line":48,"loc":{"start":{"line":37,"column":11},"end":{"line":37,"column":25}}},"12":{"name":"(anonymous_12)","line":49,"loc":{"start":{"line":39,"column":14},"end":{"line":39,"column":28}}},"13":{"name":"(anonymous_13)","line":52,"loc":{"start":{"line":43,"column":15},"end":{"line":43,"column":24}}}},"statementMap":{"1":{"start":{"line":0,"column":0},"end":{"line":0,"column":0},"skip":true},"2":{"start":{"line":0,"column":0},"end":{"line":0,"column":0},"skip":true},"3":{"start":{"line":0,"column":0},"end":{"line":0,"column":0},"skip":true},"4":{"start":{"line":0,"column":0},"end":{"line":0,"column":0},"skip":true},"5":{"start":{"line":1,"column":-15},"end":{"line":1,"column":-15}},"6":{"start":{"line":2,"column":0},"end":{"line":2,"column":0}},"7":{"start":{"line":3,"column":0},"end":{"line":3,"column":0}},"8":{"start":{"line":4,"column":0},"end":{"line":4,"column":0}},"9":{"start":{"line":7,"column":7},"end":{"line":19,"column":1}},"10":{"start":{"line":8,"column":4},"end":{"line":8,"column":4}},"11":{"start":{"line":10,"column":8},"end":{"line":10,"column":8}},"12":{"start":{"line":11,"column":12},"end":{"line":11,"column":12}},"13":{"start":{"line":12,"column":12},"end":{"line":12,"column":12}},"14":{"start":{"line":13,"column":12},"end":{"line":13,"column":12}},"15":{"start":{"line":14,"column":12},"end":{"line":14,"column":12}},"16":{"start":{"line":21,"column":0},"end":{"line":21,"column":0}},"17":{"start":{"line":21,"column":44},"end":{"line":21,"column":44}},"18":{"start":{"line":24,"column":7},"end":{"line":34,"column":1}},"19":{"start":{"line":25,"column":4},"end":{"line":25,"column":4}},"20":{"start":{"line":26,"column":8},"end":{"line":26,"column":8}},"21":{"start":{"line":28,"column":12},"end":{"line":28,"column":12}},"22":{"start":{"line":29,"column":12},"end":{"line":29,"column":12}},"23":{"start":{"line":31,"column":12},"end":{"line":31,"column":12}},"24":{"start":{"line":36,"column":7},"end":{"line":47,"column":1}},"25":{"start":{"line":37,"column":4},"end":{"line":37,"column":4}},"26":{"start":{"line":38,"column":8},"end":{"line":38,"column":8}},"27":{"start":{"line":40,"column":12},"end":{"line":40,"column":12}},"28":{"start":{"line":41,"column":12},"end":{"line":41,"column":12}},"29":{"start":{"line":44,"column":12},"end":{"line":44,"column":12}}},"branchMap":{}},"/Users/martinzhou/Documents/Martin/Rice/Comp431/hw5/src/components/profile/profileActions.js":{"path":"/Users/martinzhou/Documents/Martin/Rice/Comp431/hw5/src/components/profile/profileActions.js","s":{"1":1,"2":1,"3":1,"4":1,"5":1,"6":1,"7":1,"8":1,"9":1,"10":1,"11":1,"12":1,"13":1,"14":1,"15":1,"16":0,"17":1,"18":0,"19":1,"20":0,"21":1,"22":0,"23":1,"24":5,"25":0,"26":0,"27":0,"28":0,"29":0,"30":0,"31":0,"32":0,"33":0,"34":0,"35":0,"36":0,"37":0,"38":0},"b":{"1":[0,0,0,0,0,0]},"f":{"1":1,"2":1,"3":1,"4":0,"5":0,"6":0,"7":0,"8":5,"9":0,"10":0},"fnMap":{"1":{"name":"fetchProfile","line":12,"loc":{"start":{"line":3,"column":7},"end":{"line":3,"column":31}}},"2":{"name":"(anonymous_2)","line":13,"loc":{"start":{"line":4,"column":11},"end":{"line":4,"column":25}}},"3":{"name":"updateHeadline","line":22,"loc":{"start":{"line":13,"column":30},"end":{"line":13,"column":44}}},"4":{"name":"updateAvatar","line":25,"loc":{"start":{"line":14,"column":28},"end":{"line":14,"column":40}}},"5":{"name":"updateZipcode","line":28,"loc":{"start":{"line":15,"column":29},"end":{"line":15,"column":42}}},"6":{"name":"updateEmail","line":31,"loc":{"start":{"line":16,"column":27},"end":{"line":16,"column":38}}},"7":{"name":"updateDOB","line":34,"loc":{"start":{"line":17,"column":25},"end":{"line":17,"column":34}}},"8":{"name":"fetchField","line":38,"loc":{"start":{"line":19,"column":7},"end":{"line":19,"column":34}}},"9":{"name":"(anonymous_9)","line":39,"loc":{"start":{"line":20,"column":11},"end":{"line":20,"column":25}}},"10":{"name":"(anonymous_10)","line":40,"loc":{"start":{"line":21,"column":36},"end":{"line":21,"column":50}}}},"statementMap":{"1":{"start":{"line":0,"column":0},"end":{"line":0,"column":0},"skip":true},"2":{"start":{"line":0,"column":0},"end":{"line":0,"column":0},"skip":true},"3":{"start":{"line":0,"column":0},"end":{"line":0,"column":0},"skip":true},"4":{"start":{"line":0,"column":0},"end":{"line":0,"column":0},"skip":true},"5":{"start":{"line":1,"column":-15},"end":{"line":1,"column":-15}},"6":{"start":{"line":3,"column":7},"end":{"line":11,"column":1}},"7":{"start":{"line":4,"column":4},"end":{"line":4,"column":4}},"8":{"start":{"line":5,"column":8},"end":{"line":5,"column":8}},"9":{"start":{"line":6,"column":8},"end":{"line":6,"column":8}},"10":{"start":{"line":7,"column":8},"end":{"line":7,"column":8}},"11":{"start":{"line":8,"column":8},"end":{"line":8,"column":8}},"12":{"start":{"line":9,"column":8},"end":{"line":9,"column":8}},"13":{"start":{"line":13,"column":7},"end":{"line":13,"column":7}},"14":{"start":{"line":13,"column":45},"end":{"line":13,"column":45}},"15":{"start":{"line":14,"column":7},"end":{"line":14,"column":7}},"16":{"start":{"line":14,"column":41},"end":{"line":14,"column":41}},"17":{"start":{"line":15,"column":7},"end":{"line":15,"column":7}},"18":{"start":{"line":15,"column":43},"end":{"line":15,"column":43}},"19":{"start":{"line":16,"column":7},"end":{"line":16,"column":7}},"20":{"start":{"line":16,"column":39},"end":{"line":16,"column":39}},"21":{"start":{"line":17,"column":7},"end":{"line":17,"column":7}},"22":{"start":{"line":17,"column":35},"end":{"line":17,"column":35}},"23":{"start":{"line":19,"column":7},"end":{"line":44,"column":1}},"24":{"start":{"line":20,"column":4},"end":{"line":20,"column":4}},"25":{"start":{"line":21,"column":8},"end":{"line":21,"column":8}},"26":{"start":{"line":22,"column":12},"end":{"line":22,"column":12}},"27":{"start":{"line":24,"column":20},"end":{"line":24,"column":20}},"28":{"start":{"line":25,"column":20},"end":{"line":25,"column":20}},"29":{"start":{"line":27,"column":20},"end":{"line":27,"column":20}},"30":{"start":{"line":28,"column":20},"end":{"line":28,"column":20}},"31":{"start":{"line":30,"column":20},"end":{"line":30,"column":20}},"32":{"start":{"line":31,"column":20},"end":{"line":31,"column":20}},"33":{"start":{"line":33,"column":20},"end":{"line":33,"column":20}},"34":{"start":{"line":34,"column":20},"end":{"line":34,"column":20}},"35":{"start":{"line":36,"column":20},"end":{"line":36,"column":20}},"36":{"start":{"line":37,"column":20},"end":{"line":37,"column":20}},"37":{"start":{"line":38,"column":20},"end":{"line":38,"column":20}},"38":{"start":{"line":40,"column":20},"end":{"line":40,"column":20}}},"branchMap":{"1":{"line":41,"type":"switch","locations":[{"start":{"line":23,"column":16},"end":{"line":25,"column":20}},{"start":{"line":26,"column":16},"end":{"line":28,"column":20}},{"start":{"line":29,"column":16},"end":{"line":31,"column":20}},{"start":{"line":32,"column":16},"end":{"line":34,"column":20}},{"start":{"line":35,"column":16},"end":{"line":38,"column":20}},{"start":{"line":39,"column":16},"end":{"line":40,"column":20}}]}}},"/Users/martinzhou/Documents/Martin/Rice/Comp431/hw5/src/components/main/followingActions.js":{"path":"/Users/martinzhou/Documents/Martin/Rice/Comp431/hw5/src/components/main/followingActions.js","s":{"1":1,"2":1,"3":1,"4":1,"5":1,"6":1,"7":1,"8":1,"9":1,"10":1,"11":0,"12":1,"13":0,"14":1,"15":0,"16":0,"17":0,"18":0,"19":0,"20":0,"21":0,"22":0,"23":0,"24":0,"25":0,"26":0,"27":0,"28":0,"29":0,"30":0,"31":0,"32":0,"33":0,"34":0,"35":0,"36":0,"37":0,"38":0,"39":0},"b":{"1":[0,1],"2":[1,1],"3":[0,0],"4":[0,0],"5":[0,0],"6":[0,0],"7":[0,0],"8":[0,0],"9":[0,0],"10":[0,0]},"f":{"1":1,"2":0,"3":0,"4":0,"5":0,"6":0,"7":0,"8":0,"9":0,"10":0,"11":0,"12":0,"13":0,"14":0},"fnMap":{"1":{"name":"_interopRequireDefault","line":16,"loc":{"start":{"line":0,"column":0},"end":{"line":0,"column":0},"skip":true},"skip":true},"2":{"name":"delFollower","line":18,"loc":{"start":{"line":4,"column":7},"end":{"line":4,"column":34}}},"3":{"name":"addFollower","line":21,"loc":{"start":{"line":5,"column":7},"end":{"line":5,"column":34}}},"4":{"name":"fetchFollowers","line":25,"loc":{"start":{"line":7,"column":7},"end":{"line":7,"column":45}}},"5":{"name":"(anonymous_5)","line":26,"loc":{"start":{"line":8,"column":11},"end":{"line":8,"column":35}}},"6":{"name":"(anonymous_6)","line":31,"loc":{"start":{"line":14,"column":14},"end":{"line":14,"column":28}}},"7":{"name":"(anonymous_7)","line":37,"loc":{"start":{"line":20,"column":56},"end":{"line":20,"column":69}}},"8":{"name":"(anonymous_8)","line":42,"loc":{"start":{"line":24,"column":22},"end":{"line":24,"column":36}}},"9":{"name":"(anonymous_9)","line":43,"loc":{"start":{"line":25,"column":47},"end":{"line":25,"column":54}}},"10":{"name":"(anonymous_10)","line":51,"loc":{"start":{"line":34,"column":22},"end":{"line":34,"column":36}}},"11":{"name":"(anonymous_11)","line":52,"loc":{"start":{"line":35,"column":45},"end":{"line":35,"column":52}}},"12":{"name":"updateFollowers","line":60,"loc":{"start":{"line":43,"column":36},"end":{"line":43,"column":51}}},"13":{"name":"(anonymous_13)","line":64,"loc":{"start":{"line":45,"column":63},"end":{"line":45,"column":69}}},"14":{"name":"(anonymous_14)","line":67,"loc":{"start":{"line":48,"column":17},"end":{"line":48,"column":26}}}},"statementMap":{"1":{"start":{"line":0,"column":0},"end":{"line":0,"column":0},"skip":true},"2":{"start":{"line":0,"column":0},"end":{"line":0,"column":0},"skip":true},"3":{"start":{"line":0,"column":0},"end":{"line":0,"column":0},"skip":true},"4":{"start":{"line":0,"column":0},"end":{"line":0,"column":0},"skip":true},"5":{"start":{"line":1,"column":-15},"end":{"line":1,"column":-15}},"6":{"start":{"line":0,"column":0},"end":{"line":0,"column":0},"skip":true},"7":{"start":{"line":2,"column":0},"end":{"line":2,"column":0}},"8":{"start":{"line":0,"column":0},"end":{"line":0,"column":0},"skip":true},"9":{"start":{"line":0,"column":0},"end":{"line":0,"column":0},"skip":true},"10":{"start":{"line":4,"column":7},"end":{"line":4,"column":75}},"11":{"start":{"line":4,"column":36},"end":{"line":4,"column":36}},"12":{"start":{"line":5,"column":7},"end":{"line":5,"column":72}},"13":{"start":{"line":5,"column":36},"end":{"line":5,"column":36}},"14":{"start":{"line":7,"column":7},"end":{"line":52,"column":1}},"15":{"start":{"line":8,"column":4},"end":{"line":8,"column":4}},"16":{"start":{"line":9,"column":8},"end":{"line":11,"column":9}},"17":{"start":{"line":10,"column":12},"end":{"line":10,"column":12}},"18":{"start":{"line":13,"column":8},"end":{"line":13,"column":8}},"19":{"start":{"line":16,"column":12},"end":{"line":18,"column":13}},"20":{"start":{"line":17,"column":16},"end":{"line":17,"column":16}},"21":{"start":{"line":20,"column":12},"end":{"line":20,"column":12}},"22":{"start":{"line":20,"column":71},"end":{"line":20,"column":89}},"23":{"start":{"line":20,"column":89},"end":{"line":20,"column":89}},"24":{"start":{"line":21,"column":12},"end":{"line":21,"column":12}},"25":{"start":{"line":23,"column":12},"end":{"line":23,"column":12}},"26":{"start":{"line":25,"column":20},"end":{"line":25,"column":20}},"27":{"start":{"line":26,"column":24},"end":{"line":26,"column":24}},"28":{"start":{"line":27,"column":24},"end":{"line":29,"column":25}},"29":{"start":{"line":28,"column":28},"end":{"line":28,"column":28}},"30":{"start":{"line":33,"column":12},"end":{"line":33,"column":12}},"31":{"start":{"line":35,"column":20},"end":{"line":35,"column":20}},"32":{"start":{"line":36,"column":24},"end":{"line":36,"column":24}},"33":{"start":{"line":37,"column":24},"end":{"line":39,"column":25}},"34":{"start":{"line":38,"column":28},"end":{"line":38,"column":28}},"35":{"start":{"line":43,"column":12},"end":{"line":43,"column":12}},"36":{"start":{"line":43,"column":52},"end":{"line":43,"column":52}},"37":{"start":{"line":45,"column":12},"end":{"line":45,"column":12}},"38":{"start":{"line":46,"column":16},"end":{"line":46,"column":16}},"39":{"start":{"line":49,"column":12},"end":{"line":49,"column":12}}},"branchMap":{"1":{"line":16,"type":"cond-expr","locations":[{"start":{"line":0,"column":0},"end":{"line":0,"column":0},"skip":true},{"start":{"line":0,"column":0},"end":{"line":0,"column":0},"skip":true}]},"2":{"line":16,"type":"binary-expr","locations":[{"start":{"line":0,"column":0},"end":{"line":0,"column":0},"skip":true},{"start":{"line":0,"column":0},"end":{"line":0,"column":0},"skip":true}]},"3":{"line":27,"type":"if","locations":[{"start":{"line":9,"column":8},"end":{"line":9,"column":8}},{"start":{"line":9,"column":8},"end":{"line":9,"column":8}}]},"4":{"line":27,"type":"binary-expr","locations":[{"start":{"line":9,"column":12},"end":{"line":9,"column":12}},{"start":{"line":9,"column":31},"end":{"line":9,"column":8}}]},"5":{"line":31,"type":"cond-expr","locations":[{"start":{"line":13,"column":26},"end":{"line":13,"column":17}},{"start":{"line":13,"column":35},"end":{"line":13,"column":8}}]},"6":{"line":31,"type":"cond-expr","locations":[{"start":{"line":13,"column":64},"end":{"line":13,"column":57}},{"start":{"line":13,"column":77},"end":{"line":13,"column":42}}]},"7":{"line":33,"type":"if","locations":[{"start":{"line":16,"column":12},"end":{"line":16,"column":12}},{"start":{"line":16,"column":12},"end":{"line":16,"column":12}}]},"8":{"line":33,"type":"binary-expr","locations":[{"start":{"line":16,"column":16},"end":{"line":16,"column":16}},{"start":{"line":16,"column":35},"end":{"line":16,"column":12}}]},"9":{"line":45,"type":"if","locations":[{"start":{"line":27,"column":24},"end":{"line":27,"column":24}},{"start":{"line":27,"column":24},"end":{"line":27,"column":24}}]},"10":{"line":54,"type":"if","locations":[{"start":{"line":37,"column":24},"end":{"line":37,"column":24}},{"start":{"line":37,"column":24},"end":{"line":37,"column":24}}]}}},"/Users/martinzhou/Documents/Martin/Rice/Comp431/hw5/src/components/article/articleActions.js":{"path":"/Users/martinzhou/Documents/Martin/Rice/Comp431/hw5/src/components/article/articleActions.js","s":{"1":1,"2":1,"3":1,"4":1,"5":1,"6":1,"7":1,"8":1,"9":0,"10":0,"11":0,"12":0,"13":0,"14":1,"15":0,"16":0,"17":0,"18":0,"19":0,"20":0,"21":0,"22":0,"23":0,"24":0,"25":0,"26":0,"27":0,"28":0,"29":0,"30":0,"31":0,"32":0,"33":1,"34":0},"b":{"1":[1,0],"2":[1,1],"3":[0,0],"4":[0,0]},"f":{"1":1,"2":0,"3":0,"4":0,"5":0,"6":0,"7":0,"8":0,"9":0,"10":0,"11":0,"12":0,"13":0},"fnMap":{"1":{"name":"_interopRequireDefault","line":13,"loc":{"start":{"line":0,"column":0},"end":{"line":0,"column":0},"skip":true},"skip":true},"2":{"name":"_toConsumableArray","line":15,"loc":{"start":{"line":0,"column":0},"end":{"line":0,"column":0},"skip":true},"skip":true},"3":{"name":"fetchArticles","line":17,"loc":{"start":{"line":3,"column":7},"end":{"line":3,"column":32}}},"4":{"name":"(anonymous_4)","line":18,"loc":{"start":{"line":4,"column":11},"end":{"line":4,"column":35}}},"5":{"name":"(anonymous_5)","line":19,"loc":{"start":{"line":6,"column":14},"end":{"line":6,"column":28}}},"6":{"name":"(anonymous_6)","line":20,"loc":{"start":{"line":7,"column":54},"end":{"line":7,"column":75}}},"7":{"name":"(anonymous_7)","line":26,"loc":{"start":{"line":13,"column":61},"end":{"line":13,"column":77}}},"8":{"name":"(anonymous_8)","line":27,"loc":{"start":{"line":14,"column":37},"end":{"line":14,"column":37}}},"9":{"name":"(anonymous_9)","line":29,"loc":{"start":{"line":14,"column":62},"end":{"line":14,"column":62}}},"10":{"name":"(anonymous_10)","line":33,"loc":{"start":{"line":16,"column":26},"end":{"line":16,"column":26}}},"11":{"name":"(anonymous_11)","line":37,"loc":{"start":{"line":19,"column":22},"end":{"line":19,"column":36}}},"12":{"name":"(anonymous_12)","line":38,"loc":{"start":{"line":20,"column":45},"end":{"line":20,"column":52}}},"13":{"name":"searchKeyword","line":48,"loc":{"start":{"line":30,"column":7},"end":{"line":30,"column":39}}}},"statementMap":{"1":{"start":{"line":0,"column":0},"end":{"line":0,"column":0},"skip":true},"2":{"start":{"line":0,"column":0},"end":{"line":0,"column":0},"skip":true},"3":{"start":{"line":0,"column":0},"end":{"line":0,"column":0},"skip":true},"4":{"start":{"line":1,"column":-15},"end":{"line":1,"column":-15}},"5":{"start":{"line":0,"column":0},"end":{"line":0,"column":0},"skip":true},"6":{"start":{"line":0,"column":0},"end":{"line":0,"column":0},"skip":true},"7":{"start":{"line":0,"column":0},"end":{"line":0,"column":0},"skip":true},"8":{"start":{"line":0,"column":0},"end":{"line":0,"column":0},"skip":true},"9":{"start":{"line":0,"column":0},"end":{"line":0,"column":0},"skip":true},"10":{"start":{"line":0,"column":0},"end":{"line":0,"column":0},"skip":true},"11":{"start":{"line":0,"column":0},"end":{"line":0,"column":0},"skip":true},"12":{"start":{"line":0,"column":0},"end":{"line":0,"column":0},"skip":true},"13":{"start":{"line":0,"column":0},"end":{"line":0,"column":0},"skip":true},"14":{"start":{"line":3,"column":7},"end":{"line":28,"column":1}},"15":{"start":{"line":4,"column":4},"end":{"line":4,"column":4}},"16":{"start":{"line":5,"column":8},"end":{"line":5,"column":8}},"17":{"start":{"line":7,"column":12},"end":{"line":7,"column":12}},"18":{"start":{"line":8,"column":16},"end":{"line":8,"column":16}},"19":{"start":{"line":9,"column":16},"end":{"line":9,"column":16}},"20":{"start":{"line":11,"column":12},"end":{"line":11,"column":12}},"21":{"start":{"line":12,"column":12},"end":{"line":12,"column":12}},"22":{"start":{"line":13,"column":12},"end":{"line":13,"column":12}},"23":{"start":{"line":14,"column":16},"end":{"line":14,"column":16}},"24":{"start":{"line":14,"column":37},"end":{"line":14,"column":37}},"25":{"start":{"line":14,"column":62},"end":{"line":14,"column":62}},"26":{"start":{"line":15,"column":16},"end":{"line":15,"column":16}},"27":{"start":{"line":16,"column":26},"end":{"line":16,"column":26}},"28":{"start":{"line":17,"column":12},"end":{"line":25,"column":13}},"29":{"start":{"line":18,"column":16},"end":{"line":18,"column":16}},"30":{"start":{"line":20,"column":20},"end":{"line":20,"column":20}},"31":{"start":{"line":21,"column":24},"end":{"line":21,"column":24}},"32":{"start":{"line":23,"column":20},"end":{"line":23,"column":20}},"33":{"start":{"line":30,"column":7},"end":{"line":32,"column":1}},"34":{"start":{"line":31,"column":4},"end":{"line":31,"column":4}}},"branchMap":{"1":{"line":13,"type":"cond-expr","locations":[{"start":{"line":0,"column":0},"end":{"line":0,"column":0},"skip":true},{"start":{"line":0,"column":0},"end":{"line":0,"column":0},"skip":true}]},"2":{"line":13,"type":"binary-expr","locations":[{"start":{"line":0,"column":0},"end":{"line":0,"column":0},"skip":true},{"start":{"line":0,"column":0},"end":{"line":0,"column":0},"skip":true}]},"3":{"line":15,"type":"if","locations":[{"start":{"line":0,"column":0},"end":{"line":0,"column":0},"skip":true},{"start":{"line":0,"column":0},"end":{"line":0,"column":0},"skip":true}]},"4":{"line":36,"type":"if","locations":[{"start":{"line":17,"column":12},"end":{"line":17,"column":12}},{"start":{"line":17,"column":12},"end":{"line":17,"column":12}}]}}},"/Users/martinzhou/Documents/Martin/Rice/Comp431/hw5/src/components/auth/register.js":{"path":"/Users/martinzhou/Documents/Martin/Rice/Comp431/hw5/src/components/auth/register.js","s":{"1":1,"2":1,"3":1,"4":1,"5":1,"6":1,"7":1,"8":1,"9":0,"10":0,"11":0,"12":0,"13":0,"14":0,"15":0,"16":0,"17":0,"18":0,"19":0,"20":0,"21":0,"22":0,"23":0,"24":1},"b":{"1":[0,1],"2":[1,1],"3":[0,0]},"f":{"1":1,"2":0,"3":0,"4":0,"5":0,"6":0,"7":0,"8":0,"9":0,"10":0,"11":0},"fnMap":{"1":{"name":"_interopRequireDefault","line":15,"loc":{"start":{"line":0,"column":0},"end":{"line":0,"column":0},"skip":true},"skip":true},"2":{"name":"Register","line":19,"loc":{"start":{"line":6,"column":17},"end":{"line":6,"column":33}}},"3":{"name":"onSubmit","line":43,"loc":{"start":{"line":14,"column":26},"end":{"line":14,"column":33}}},"4":{"name":"ref","line":70,"loc":{"start":{"line":37,"column":21},"end":{"line":37,"column":21}}},"5":{"name":"ref","line":80,"loc":{"start":{"line":41,"column":21},"end":{"line":41,"column":21}}},"6":{"name":"ref","line":91,"loc":{"start":{"line":46,"column":21},"end":{"line":46,"column":21}}},"7":{"name":"ref","line":101,"loc":{"start":{"line":50,"column":21},"end":{"line":50,"column":21}}},"8":{"name":"ref","line":110,"loc":{"start":{"line":53,"column":21},"end":{"line":53,"column":21}}},"9":{"name":"ref","line":120,"loc":{"start":{"line":57,"column":21},"end":{"line":57,"column":21}}},"10":{"name":"ref","line":129,"loc":{"start":{"line":60,"column":21},"end":{"line":60,"column":21}}},"11":{"name":"ref","line":138,"loc":{"start":{"line":63,"column":21},"end":{"line":63,"column":21}}}},"statementMap":{"1":{"start":{"line":0,"column":0},"end":{"line":0,"column":0},"skip":true},"2":{"start":{"line":1,"column":-15},"end":{"line":1,"column":-15}},"3":{"start":{"line":0,"column":0},"end":{"line":0,"column":0},"skip":true},"4":{"start":{"line":2,"column":0},"end":{"line":2,"column":0}},"5":{"start":{"line":3,"column":0},"end":{"line":3,"column":0}},"6":{"start":{"line":0,"column":0},"end":{"line":0,"column":0},"skip":true},"7":{"start":{"line":0,"column":0},"end":{"line":0,"column":0},"skip":true},"8":{"start":{"line":6,"column":0},"end":{"line":6,"column":0}},"9":{"start":{"line":6,"column":33},"end":{"line":6,"column":33}},"10":{"start":{"line":8,"column":4},"end":{"line":8,"column":4}},"11":{"start":{"line":10,"column":4},"end":{"line":10,"column":4}},"12":{"start":{"line":15,"column":16},"end":{"line":15,"column":16}},"13":{"start":{"line":16,"column":16},"end":{"line":30,"column":17}},"14":{"start":{"line":17,"column":20},"end":{"line":17,"column":20}},"15":{"start":{"line":19,"column":20},"end":{"line":19,"column":20}},"16":{"start":{"line":37,"column":21},"end":{"line":37,"column":21}},"17":{"start":{"line":41,"column":21},"end":{"line":41,"column":21}},"18":{"start":{"line":46,"column":21},"end":{"line":46,"column":21}},"19":{"start":{"line":50,"column":21},"end":{"line":50,"column":21}},"20":{"start":{"line":53,"column":21},"end":{"line":53,"column":21}},"21":{"start":{"line":57,"column":21},"end":{"line":57,"column":21}},"22":{"start":{"line":60,"column":21},"end":{"line":60,"column":21}},"23":{"start":{"line":63,"column":21},"end":{"line":63,"column":21}},"24":{"start":{"line":0,"column":0},"end":{"line":0,"column":0},"skip":true}},"branchMap":{"1":{"line":15,"type":"cond-expr","locations":[{"start":{"line":0,"column":0},"end":{"line":0,"column":0},"skip":true},{"start":{"line":0,"column":0},"end":{"line":0,"column":0},"skip":true}]},"2":{"line":15,"type":"binary-expr","locations":[{"start":{"line":0,"column":0},"end":{"line":0,"column":0},"skip":true},{"start":{"line":0,"column":0},"end":{"line":0,"column":0},"skip":true}]},"3":{"line":45,"type":"if","locations":[{"start":{"line":16,"column":16},"end":{"line":16,"column":16}},{"start":{"line":16,"column":16},"end":{"line":16,"column":16}}]}}},"/Users/martinzhou/Documents/Martin/Rice/Comp431/hw5/src/components/main/main.js":{"path":"/Users/martinzhou/Documents/Martin/Rice/Comp431/hw5/src/components/main/main.js","s":{"1":1,"2":1,"3":1,"4":1,"5":1,"6":1,"7":1,"8":1,"9":1,"10":1,"11":1,"12":1,"13":5,"14":1,"15":0,"16":1},"b":{"1":[4,1],"2":[5,5]},"f":{"1":5,"2":0},"fnMap":{"1":{"name":"_interopRequireDefault","line":27,"loc":{"start":{"line":0,"column":0},"end":{"line":0,"column":0},"skip":true},"skip":true},"2":{"name":"Main","line":29,"loc":{"start":{"line":8,"column":13},"end":{"line":8,"column":19}}}},"statementMap":{"1":{"start":{"line":0,"column":0},"end":{"line":0,"column":0},"skip":true},"2":{"start":{"line":1,"column":-15},"end":{"line":1,"column":-15}},"3":{"start":{"line":0,"column":0},"end":{"line":0,"column":0},"skip":true},"4":{"start":{"line":3,"column":0},"end":{"line":3,"column":0}},"5":{"start":{"line":0,"column":0},"end":{"line":0,"column":0},"skip":true},"6":{"start":{"line":4,"column":0},"end":{"line":4,"column":0}},"7":{"start":{"line":0,"column":0},"end":{"line":0,"column":0},"skip":true},"8":{"start":{"line":5,"column":0},"end":{"line":5,"column":0}},"9":{"start":{"line":0,"column":0},"end":{"line":0,"column":0},"skip":true},"10":{"start":{"line":6,"column":0},"end":{"line":6,"column":0}},"11":{"start":{"line":0,"column":0},"end":{"line":0,"column":0},"skip":true},"12":{"start":{"line":0,"column":0},"end":{"line":0,"column":0},"skip":true},"13":{"start":{"line":0,"column":0},"end":{"line":0,"column":0},"skip":true},"14":{"start":{"line":8,"column":0},"end":{"line":8,"column":0}},"15":{"start":{"line":9,"column":1},"end":{"line":9,"column":1}},"16":{"start":{"line":0,"column":0},"end":{"line":0,"column":0},"skip":true}},"branchMap":{"1":{"line":27,"type":"cond-expr","locations":[{"start":{"line":0,"column":0},"end":{"line":0,"column":0},"skip":true},{"start":{"line":0,"column":0},"end":{"line":0,"column":0},"skip":true}]},"2":{"line":27,"type":"binary-expr","locations":[{"start":{"line":0,"column":0},"end":{"line":0,"column":0},"skip":true},{"start":{"line":0,"column":0},"end":{"line":0,"column":0},"skip":true}]}}},"/Users/martinzhou/Documents/Martin/Rice/Comp431/hw5/src/components/main/nav.js":{"path":"/Users/martinzhou/Documents/Martin/Rice/Comp431/hw5/src/components/main/nav.js","s":{"1":1,"2":1,"3":1,"4":1,"5":1,"6":1,"7":1,"8":1,"9":1,"10":0,"11":0,"12":0,"13":0,"14":0,"15":0,"16":0,"17":0,"18":0,"19":1,"20":0},"b":{"1":[0,1],"2":[1,1],"3":[0,0]},"f":{"1":1,"2":0,"3":0,"4":0,"5":0,"6":0,"7":0,"8":0,"9":0},"fnMap":{"1":{"name":"_interopRequireDefault","line":17,"loc":{"start":{"line":0,"column":0},"end":{"line":0,"column":0},"skip":true},"skip":true},"2":{"name":"Nav","line":19,"loc":{"start":{"line":6,"column":12},"end":{"line":6,"column":12}}},"3":{"name":"onClick","line":45,"loc":{"start":{"line":14,"column":58},"end":{"line":14,"column":62}}},"4":{"name":"onClick","line":56,"loc":{"start":{"line":15,"column":39},"end":{"line":15,"column":43}}},"5":{"name":"onClick","line":67,"loc":{"start":{"line":16,"column":39},"end":{"line":16,"column":43}}},"6":{"name":"onClick","line":81,"loc":{"start":{"line":20,"column":39},"end":{"line":20,"column":43}}},"7":{"name":"onClick","line":89,"loc":{"start":{"line":21,"column":46},"end":{"line":21,"column":50}}},"8":{"name":"onClick","line":103,"loc":{"start":{"line":22,"column":39},"end":{"line":22,"column":43}}},"9":{"name":"(anonymous_9)","line":114,"loc":{"start":{"line":29,"column":23},"end":{"line":29,"column":34}}}},"statementMap":{"1":{"start":{"line":0,"column":0},"end":{"line":0,"column":0},"skip":true},"2":{"start":{"line":1,"column":-15},"end":{"line":1,"column":-15}},"3":{"start":{"line":0,"column":0},"end":{"line":0,"column":0},"skip":true},"4":{"start":{"line":2,"column":0},"end":{"line":2,"column":0}},"5":{"start":{"line":3,"column":0},"end":{"line":3,"column":0}},"6":{"start":{"line":4,"column":0},"end":{"line":4,"column":0}},"7":{"start":{"line":0,"column":0},"end":{"line":0,"column":0},"skip":true},"8":{"start":{"line":0,"column":0},"end":{"line":0,"column":0},"skip":true},"9":{"start":{"line":6,"column":0},"end":{"line":6,"column":0}},"10":{"start":{"line":6,"column":12},"end":{"line":6,"column":12}},"11":{"start":{"line":6,"column":12},"end":{"line":6,"column":12}},"12":{"start":{"line":6,"column":12},"end":{"line":6,"column":12}},"13":{"start":{"line":14,"column":63},"end":{"line":14,"column":63}},"14":{"start":{"line":15,"column":44},"end":{"line":15,"column":44}},"15":{"start":{"line":16,"column":44},"end":{"line":16,"column":44}},"16":{"start":{"line":20,"column":44},"end":{"line":20,"column":44}},"17":{"start":{"line":21,"column":51},"end":{"line":21,"column":51}},"18":{"start":{"line":22,"column":44},"end":{"line":22,"column":44}},"19":{"start":{"line":0,"column":0},"end":{"line":0,"column":0},"skip":true},"20":{"start":{"line":30,"column":2},"end":{"line":30,"column":2}}},"branchMap":{"1":{"line":17,"type":"cond-expr","locations":[{"start":{"line":0,"column":0},"end":{"line":0,"column":0},"skip":true},{"start":{"line":0,"column":0},"end":{"line":0,"column":0},"skip":true}]},"2":{"line":17,"type":"binary-expr","locations":[{"start":{"line":0,"column":0},"end":{"line":0,"column":0},"skip":true},{"start":{"line":0,"column":0},"end":{"line":0,"column":0},"skip":true}]},"3":{"line":37,"type":"cond-expr","locations":[{"start":{"line":13,"column":12},"end":{"line":12,"column":10}},{"start":{"line":19,"column":12},"end":{"line":19,"column":12}}]}}},"/Users/martinzhou/Documents/Martin/Rice/Comp431/hw5/src/components/main/headline.js":{"path":"/Users/martinzhou/Documents/Martin/Rice/Comp431/hw5/src/components/main/headline.js","s":{"1":1,"2":1,"3":1,"4":1,"5":1,"6":1,"7":1,"8":1,"9":0,"10":0,"11":0,"12":0,"13":0,"14":0,"15":0,"16":0,"17":0,"18":1,"19":1,"20":0},"b":{"1":[0,1],"2":[1,1]},"f":{"1":1,"2":0,"3":0,"4":0,"5":0},"fnMap":{"1":{"name":"_interopRequireDefault","line":15,"loc":{"start":{"line":0,"column":0},"end":{"line":0,"column":0},"skip":true},"skip":true},"2":{"name":"Headline","line":17,"loc":{"start":{"line":5,"column":17},"end":{"line":5,"column":62}}},"3":{"name":"ref","line":41,"loc":{"start":{"line":13,"column":55},"end":{"line":13,"column":65}}},"4":{"name":"onClick","line":47,"loc":{"start":{"line":15,"column":49},"end":{"line":15,"column":55}}},"5":{"name":"(anonymous_5)","line":62,"loc":{"start":{"line":31,"column":4},"end":{"line":31,"column":15}}}},"statementMap":{"1":{"start":{"line":0,"column":0},"end":{"line":0,"column":0},"skip":true},"2":{"start":{"line":1,"column":-15},"end":{"line":1,"column":-15}},"3":{"start":{"line":0,"column":0},"end":{"line":0,"column":0},"skip":true},"4":{"start":{"line":2,"column":0},"end":{"line":2,"column":0}},"5":{"start":{"line":3,"column":0},"end":{"line":3,"column":0}},"6":{"start":{"line":0,"column":0},"end":{"line":0,"column":0},"skip":true},"7":{"start":{"line":0,"column":0},"end":{"line":0,"column":0},"skip":true},"8":{"start":{"line":5,"column":0},"end":{"line":5,"column":0}},"9":{"start":{"line":5,"column":62},"end":{"line":5,"column":62}},"10":{"start":{"line":5,"column":62},"end":{"line":5,"column":62}},"11":{"start":{"line":5,"column":62},"end":{"line":5,"column":62}},"12":{"start":{"line":5,"column":62},"end":{"line":5,"column":62}},"13":{"start":{"line":6,"column":4},"end":{"line":6,"column":4}},"14":{"start":{"line":7,"column":4},"end":{"line":7,"column":4}},"15":{"start":{"line":13,"column":67},"end":{"line":13,"column":67}},"16":{"start":{"line":16,"column":28},"end":{"line":16,"column":28}},"17":{"start":{"line":17,"column":28},"end":{"line":17,"column":28}},"18":{"start":{"line":24,"column":0},"end":{"line":24,"column":0}},"19":{"start":{"line":0,"column":0},"end":{"line":0,"column":0},"skip":true},"20":{"start":{"line":32,"column":8},"end":{"line":32,"column":8}}},"branchMap":{"1":{"line":15,"type":"cond-expr","locations":[{"start":{"line":0,"column":0},"end":{"line":0,"column":0},"skip":true},{"start":{"line":0,"column":0},"end":{"line":0,"column":0},"skip":true}]},"2":{"line":15,"type":"binary-expr","locations":[{"start":{"line":0,"column":0},"end":{"line":0,"column":0},"skip":true},{"start":{"line":0,"column":0},"end":{"line":0,"column":0},"skip":true}]}}},"/Users/martinzhou/Documents/Martin/Rice/Comp431/hw5/src/components/main/following.js":{"path":"/Users/martinzhou/Documents/Martin/Rice/Comp431/hw5/src/components/main/following.js","s":{"1":1,"2":1,"3":1,"4":1,"5":1,"6":1,"7":1,"8":0,"9":0,"10":0,"11":0,"12":1,"13":1,"14":0,"15":0,"16":0,"17":0,"18":1,"19":1,"20":0},"b":{"1":[0,1],"2":[1,1]},"f":{"1":1,"2":0,"3":0,"4":0,"5":0,"6":0},"fnMap":{"1":{"name":"_interopRequireDefault","line":13,"loc":{"start":{"line":0,"column":0},"end":{"line":0,"column":0},"skip":true},"skip":true},"2":{"name":"Follower","line":15,"loc":{"start":{"line":4,"column":17},"end":{"line":4,"column":17}}},"3":{"name":"Following","line":49,"loc":{"start":{"line":21,"column":18},"end":{"line":21,"column":35}}},"4":{"name":"(anonymous_4)","line":55,"loc":{"start":{"line":24,"column":44},"end":{"line":24,"column":44}}},"5":{"name":"(anonymous_5)","line":57,"loc":{"start":{"line":24,"column":69},"end":{"line":24,"column":69}}},"6":{"name":"(anonymous_6)","line":68,"loc":{"start":{"line":37,"column":4},"end":{"line":37,"column":15}}}},"statementMap":{"1":{"start":{"line":0,"column":0},"end":{"line":0,"column":0},"skip":true},"2":{"start":{"line":1,"column":-15},"end":{"line":1,"column":-15}},"3":{"start":{"line":0,"column":0},"end":{"line":0,"column":0},"skip":true},"4":{"start":{"line":2,"column":0},"end":{"line":2,"column":0}},"5":{"start":{"line":0,"column":0},"end":{"line":0,"column":0},"skip":true},"6":{"start":{"line":0,"column":0},"end":{"line":0,"column":0},"skip":true},"7":{"start":{"line":4,"column":0},"end":{"line":4,"column":0}},"8":{"start":{"line":4,"column":17},"end":{"line":4,"column":17}},"9":{"start":{"line":4,"column":17},"end":{"line":4,"column":17}},"10":{"start":{"line":4,"column":17},"end":{"line":4,"column":17}},"11":{"start":{"line":4,"column":17},"end":{"line":4,"column":17}},"12":{"start":{"line":15,"column":0},"end":{"line":15,"column":0}},"13":{"start":{"line":21,"column":0},"end":{"line":21,"column":0}},"14":{"start":{"line":21,"column":35},"end":{"line":21,"column":35}},"15":{"start":{"line":22,"column":4},"end":{"line":22,"column":4}},"16":{"start":{"line":24,"column":44},"end":{"line":24,"column":44}},"17":{"start":{"line":24,"column":69},"end":{"line":24,"column":69}},"18":{"start":{"line":32,"column":0},"end":{"line":32,"column":0}},"19":{"start":{"line":0,"column":0},"end":{"line":0,"column":0},"skip":true},"20":{"start":{"line":38,"column":8},"end":{"line":38,"column":8}}},"branchMap":{"1":{"line":13,"type":"cond-expr","locations":[{"start":{"line":0,"column":0},"end":{"line":0,"column":0},"skip":true},{"start":{"line":0,"column":0},"end":{"line":0,"column":0},"skip":true}]},"2":{"line":13,"type":"binary-expr","locations":[{"start":{"line":0,"column":0},"end":{"line":0,"column":0},"skip":true},{"start":{"line":0,"column":0},"end":{"line":0,"column":0},"skip":true}]}}},"/Users/martinzhou/Documents/Martin/Rice/Comp431/hw5/src/components/article/articlesView.js":{"path":"/Users/martinzhou/Documents/Martin/Rice/Comp431/hw5/src/components/article/articlesView.js","s":{"1":1,"2":1,"3":1,"4":0,"5":0,"6":0,"7":0,"8":0,"9":0,"10":1,"11":1,"12":1,"13":1,"14":1,"15":1,"16":1,"17":1,"18":2,"19":1,"20":1,"21":1,"22":1,"23":1,"24":1,"25":1,"26":1,"27":0,"28":0,"29":0,"30":0,"31":0,"32":0,"33":0,"34":1,"35":1,"36":1,"37":1,"38":1,"39":1,"40":0,"41":1,"42":0,"43":0,"44":1,"45":0,"46":0,"47":1,"48":1,"49":0,"50":0},"b":{"1":[1,0],"2":[0,0],"3":[1,1],"4":[2,2],"5":[0,0],"6":[0,0],"7":[0,1],"8":[1,0],"9":[0,0]},"f":{"1":0,"2":2,"3":1,"4":0,"5":0,"6":0,"7":1,"8":1,"9":0,"10":0,"11":0,"12":0,"13":0},"fnMap":{"1":{"name":"(anonymous_1)","line":8,"loc":{"start":{"line":0,"column":0},"end":{"line":0,"column":0},"skip":true},"skip":true},"2":{"name":"_interopRequireDefault","line":24,"loc":{"start":{"line":0,"column":0},"end":{"line":0,"column":0},"skip":true},"skip":true},"3":{"name":"ArticlesView","line":26,"loc":{"start":{"line":8,"column":28},"end":{"line":8,"column":82}}},"4":{"name":"ref","line":44,"loc":{"start":{"line":15,"column":17},"end":{"line":15,"column":17}}},"5":{"name":"onChange","line":47,"loc":{"start":{"line":16,"column":22},"end":{"line":16,"column":28}}},"6":{"name":"(anonymous_6)","line":52,"loc":{"start":{"line":19,"column":22},"end":{"line":19,"column":31}}},"7":{"name":"(anonymous_7)","line":56,"loc":{"start":{"line":25,"column":13},"end":{"line":25,"column":13}}},"8":{"name":"filterArticle","line":70,"loc":{"start":{"line":40,"column":7},"end":{"line":40,"column":37}}},"9":{"name":"(anonymous_9)","line":73,"loc":{"start":{"line":43,"column":58},"end":{"line":43,"column":58}}},"10":{"name":"(anonymous_10)","line":77,"loc":{"start":{"line":45,"column":31},"end":{"line":45,"column":38}}},"11":{"name":"(anonymous_11)","line":81,"loc":{"start":{"line":50,"column":26},"end":{"line":50,"column":33}}},"12":{"name":"(anonymous_12)","line":82,"loc":{"start":{"line":51,"column":70},"end":{"line":51,"column":77}}},"13":{"name":"(anonymous_13)","line":89,"loc":{"start":{"line":60,"column":2},"end":{"line":60,"column":13}}}},"statementMap":{"1":{"start":{"line":0,"column":0},"end":{"line":0,"column":0},"skip":true},"2":{"start":{"line":0,"column":0},"end":{"line":0,"column":0},"skip":true},"3":{"start":{"line":0,"column":0},"end":{"line":0,"column":0},"skip":true},"4":{"start":{"line":0,"column":0},"end":{"line":0,"column":0},"skip":true},"5":{"start":{"line":0,"column":0},"end":{"line":0,"column":0},"skip":true},"6":{"start":{"line":0,"column":0},"end":{"line":0,"column":0},"skip":true},"7":{"start":{"line":0,"column":0},"end":{"line":0,"column":0},"skip":true},"8":{"start":{"line":0,"column":0},"end":{"line":0,"column":0},"skip":true},"9":{"start":{"line":0,"column":0},"end":{"line":0,"column":0},"skip":true},"10":{"start":{"line":0,"column":0},"end":{"line":0,"column":0},"skip":true},"11":{"start":{"line":2,"column":0},"end":{"line":2,"column":0}},"12":{"start":{"line":0,"column":0},"end":{"line":0,"column":0},"skip":true},"13":{"start":{"line":3,"column":0},"end":{"line":3,"column":0}},"14":{"start":{"line":5,"column":0},"end":{"line":5,"column":0}},"15":{"start":{"line":0,"column":0},"end":{"line":0,"column":0},"skip":true},"16":{"start":{"line":6,"column":0},"end":{"line":6,"column":0}},"17":{"start":{"line":0,"column":0},"end":{"line":0,"column":0},"skip":true},"18":{"start":{"line":0,"column":0},"end":{"line":0,"column":0},"skip":true},"19":{"start":{"line":8,"column":7},"end":{"line":8,"column":7}},"20":{"start":{"line":8,"column":82},"end":{"line":8,"column":82}},"21":{"start":{"line":8,"column":82},"end":{"line":8,"column":82}},"22":{"start":{"line":8,"column":82},"end":{"line":8,"column":82}},"23":{"start":{"line":8,"column":82},"end":{"line":8,"column":82}},"24":{"start":{"line":8,"column":82},"end":{"line":8,"column":82}},"25":{"start":{"line":9,"column":2},"end":{"line":9,"column":2}},"26":{"start":{"line":10,"column":2},"end":{"line":10,"column":2}},"27":{"start":{"line":15,"column":17},"end":{"line":15,"column":17}},"28":{"start":{"line":16,"column":30},"end":{"line":16,"column":30}},"29":{"start":{"line":20,"column":8},"end":{"line":21,"column":10}},"30":{"start":{"line":21,"column":10},"end":{"line":21,"column":10}},"31":{"start":{"line":22,"column":8},"end":{"line":23,"column":10}},"32":{"start":{"line":23,"column":10},"end":{"line":23,"column":10}},"33":{"start":{"line":24,"column":8},"end":{"line":24,"column":8}},"34":{"start":{"line":25,"column":13},"end":{"line":25,"column":13}},"35":{"start":{"line":34,"column":0},"end":{"line":34,"column":0}},"36":{"start":{"line":40,"column":7},"end":{"line":57,"column":1}},"37":{"start":{"line":41,"column":2},"end":{"line":41,"column":2}},"38":{"start":{"line":42,"column":2},"end":{"line":42,"column":2}},"39":{"start":{"line":43,"column":2},"end":{"line":43,"column":2}},"40":{"start":{"line":43,"column":58},"end":{"line":43,"column":58}},"41":{"start":{"line":44,"column":2},"end":{"line":49,"column":3}},"42":{"start":{"line":45,"column":4},"end":{"line":45,"column":4}},"43":{"start":{"line":46,"column":6},"end":{"line":46,"column":6}},"44":{"start":{"line":50,"column":2},"end":{"line":50,"column":2}},"45":{"start":{"line":51,"column":4},"end":{"line":51,"column":4}},"46":{"start":{"line":52,"column":6},"end":{"line":52,"column":6}},"47":{"start":{"line":55,"column":2},"end":{"line":55,"column":2}},"48":{"start":{"line":0,"column":0},"end":{"line":0,"column":0},"skip":true},"49":{"start":{"line":61,"column":4},"end":{"line":61,"column":4}},"50":{"start":{"line":62,"column":4},"end":{"line":62,"column":4}}},"branchMap":{"1":{"line":8,"type":"binary-expr","locations":[{"start":{"line":0,"column":0},"end":{"line":0,"column":0},"skip":true},{"start":{"line":0,"column":0},"end":{"line":0,"column":0},"skip":true}]},"2":{"line":8,"type":"if","locations":[{"start":{"line":0,"column":0},"end":{"line":0,"column":0},"skip":true},{"start":{"line":0,"column":0},"end":{"line":0,"column":0},"skip":true}]},"3":{"line":24,"type":"cond-expr","locations":[{"start":{"line":0,"column":0},"end":{"line":0,"column":0},"skip":true},{"start":{"line":0,"column":0},"end":{"line":0,"column":0},"skip":true}]},"4":{"line":24,"type":"binary-expr","locations":[{"start":{"line":0,"column":0},"end":{"line":0,"column":0},"skip":true},{"start":{"line":0,"column":0},"end":{"line":0,"column":0},"skip":true}]},"5":{"line":53,"type":"if","locations":[{"start":{"line":20,"column":8},"end":{"line":20,"column":8}},{"start":{"line":20,"column":8},"end":{"line":20,"column":8}}]},"6":{"line":54,"type":"if","locations":[{"start":{"line":22,"column":8},"end":{"line":22,"column":8}},{"start":{"line":22,"column":8},"end":{"line":22,"column":8}}]},"7":{"line":76,"type":"if","locations":[{"start":{"line":44,"column":2},"end":{"line":44,"column":2}},{"start":{"line":44,"column":2},"end":{"line":44,"column":2}}]},"8":{"line":76,"type":"binary-expr","locations":[{"start":{"line":44,"column":6},"end":{"line":44,"column":6}},{"start":{"line":44,"column":17},"end":{"line":44,"column":2}}]},"9":{"line":78,"type":"binary-expr","locations":[{"start":{"line":46,"column":13},"end":{"line":46,"column":13}},{"start":{"line":47,"column":13},"end":{"line":46,"column":6}}]}}},"/Users/martinzhou/Documents/Martin/Rice/Comp431/hw5/src/components/article/article.js":{"path":"/Users/martinzhou/Documents/Martin/Rice/Comp431/hw5/src/components/article/article.js","s":{"1":1,"2":1,"3":0,"4":0,"5":0,"6":0,"7":0,"8":0,"9":1,"10":1,"11":1,"12":1,"13":1,"14":1,"15":1,"16":1,"17":1,"18":1,"19":1,"20":1,"21":1,"22":0,"23":1,"24":1,"25":1,"26":1,"27":1,"28":1,"29":1,"30":1,"31":1,"32":3,"33":1,"34":0,"35":0,"36":1,"37":0,"38":0,"39":0,"40":1,"41":1,"42":0,"43":1,"44":1,"45":1,"46":1,"47":1,"48":1,"49":0,"50":0,"51":0,"52":0,"53":1,"54":0,"55":0,"56":0,"57":0,"58":0,"59":0,"60":0,"61":1,"62":1,"63":1},"b":{"1":[1,0],"2":[0,0],"3":[1,1],"4":[1,0],"5":[1,0],"6":[0,1],"7":[1,2],"8":[3,3],"9":[0,0],"10":[0,0],"11":[0,0],"12":[0,0,0],"13":[0,1],"14":[1,0],"15":[1,1],"16":[1,0],"17":[1,0],"18":[0,0],"19":[0,0],"20":[0,0],"21":[0,0]},"f":{"1":0,"2":1,"3":1,"4":1,"5":3,"6":0,"7":0,"8":1,"9":1,"10":0,"11":0,"12":0,"13":0,"14":0},"fnMap":{"1":{"name":"(anonymous_1)","line":7,"loc":{"start":{"line":0,"column":0},"end":{"line":0,"column":0},"skip":true},"skip":true},"2":{"name":"(anonymous_2)","line":9,"loc":{"start":{"line":0,"column":0},"end":{"line":0,"column":0},"skip":true},"skip":true},"3":{"name":"defineProperties","line":9,"loc":{"start":{"line":0,"column":0},"end":{"line":0,"column":0},"skip":true},"skip":true},"4":{"name":"(anonymous_4)","line":9,"loc":{"start":{"line":0,"column":0},"end":{"line":0,"column":0},"skip":true},"skip":true},"5":{"name":"_interopRequireDefault","line":25,"loc":{"start":{"line":0,"column":0},"end":{"line":0,"column":0},"skip":true},"skip":true},"6":{"name":"_classCallCheck","line":27,"loc":{"start":{"line":0,"column":0},"end":{"line":0,"column":0},"skip":true},"skip":true},"7":{"name":"_possibleConstructorReturn","line":29,"loc":{"start":{"line":0,"column":0},"end":{"line":0,"column":0},"skip":true},"skip":true},"8":{"name":"_inherits","line":31,"loc":{"start":{"line":0,"column":0},"end":{"line":0,"column":0},"skip":true},"skip":true},"9":{"name":"(anonymous_9)","line":33,"loc":{"start":{"line":0,"column":0},"end":{"line":0,"column":0},"skip":true},"skip":true},"10":{"name":"Article","line":36,"loc":{"start":{"line":9,"column":2},"end":{"line":9,"column":21}}},"11":{"name":"render","line":47,"loc":{"start":{"line":0,"column":0},"end":{"line":0,"column":0},"skip":true},"skip":true},"12":{"name":"onClick","line":127,"loc":{"start":{"line":58,"column":23},"end":{"line":58,"column":29}}},"13":{"name":"(anonymous_13)","line":137,"loc":{"start":{"line":66,"column":64},"end":{"line":66,"column":73}}},"14":{"name":"(anonymous_14)","line":139,"loc":{"start":{"line":68,"column":19},"end":{"line":68,"column":19}}}},"statementMap":{"1":{"start":{"line":0,"column":0},"end":{"line":0,"column":0},"skip":true},"2":{"start":{"line":0,"column":0},"end":{"line":0,"column":0},"skip":true},"3":{"start":{"line":0,"column":0},"end":{"line":0,"column":0},"skip":true},"4":{"start":{"line":0,"column":0},"end":{"line":0,"column":0},"skip":true},"5":{"start":{"line":0,"column":0},"end":{"line":0,"column":0},"skip":true},"6":{"start":{"line":0,"column":0},"end":{"line":0,"column":0},"skip":true},"7":{"start":{"line":0,"column":0},"end":{"line":0,"column":0},"skip":true},"8":{"start":{"line":0,"column":0},"end":{"line":0,"column":0},"skip":true},"9":{"start":{"line":0,"column":0},"end":{"line":0,"column":0},"skip":true},"10":{"start":{"line":0,"column":0},"end":{"line":0,"column":0},"skip":true},"11":{"start":{"line":0,"column":0},"end":{"line":0,"column":0},"skip":true},"12":{"start":{"line":0,"column":0},"end":{"line":0,"column":0},"skip":true},"13":{"start":{"line":0,"column":0},"end":{"line":0,"column":0},"skip":true},"14":{"start":{"line":0,"column":0},"end":{"line":0,"column":0},"skip":true},"15":{"start":{"line":0,"column":0},"end":{"line":0,"column":0},"skip":true},"16":{"start":{"line":0,"column":0},"end":{"line":0,"column":0},"skip":true},"17":{"start":{"line":0,"column":0},"end":{"line":0,"column":0},"skip":true},"18":{"start":{"line":0,"column":0},"end":{"line":0,"column":0},"skip":true},"19":{"start":{"line":0,"column":0},"end":{"line":0,"column":0},"skip":true},"20":{"start":{"line":0,"column":0},"end":{"line":0,"column":0},"skip":true},"21":{"start":{"line":0,"column":0},"end":{"line":0,"column":0},"skip":true},"22":{"start":{"line":0,"column":0},"end":{"line":0,"column":0},"skip":true},"23":{"start":{"line":0,"column":0},"end":{"line":0,"column":0},"skip":true},"24":{"start":{"line":1,"column":-15},"end":{"line":1,"column":-15}},"25":{"start":{"line":0,"column":0},"end":{"line":0,"column":0},"skip":true},"26":{"start":{"line":2,"column":0},"end":{"line":2,"column":0}},"27":{"start":{"line":0,"column":0},"end":{"line":0,"column":0},"skip":true},"28":{"start":{"line":3,"column":0},"end":{"line":3,"column":0}},"29":{"start":{"line":5,"column":0},"end":{"line":5,"column":0}},"30":{"start":{"line":0,"column":0},"end":{"line":0,"column":0},"skip":true},"31":{"start":{"line":0,"column":0},"end":{"line":0,"column":0},"skip":true},"32":{"start":{"line":0,"column":0},"end":{"line":0,"column":0},"skip":true},"33":{"start":{"line":0,"column":0},"end":{"line":0,"column":0},"skip":true},"34":{"start":{"line":0,"column":0},"end":{"line":0,"column":0},"skip":true},"35":{"start":{"line":0,"column":0},"end":{"line":0,"column":0},"skip":true},"36":{"start":{"line":0,"column":0},"end":{"line":0,"column":0},"skip":true},"37":{"start":{"line":0,"column":0},"end":{"line":0,"column":0},"skip":true},"38":{"start":{"line":0,"column":0},"end":{"line":0,"column":0},"skip":true},"39":{"start":{"line":0,"column":0},"end":{"line":0,"column":0},"skip":true},"40":{"start":{"line":0,"column":0},"end":{"line":0,"column":0},"skip":true},"41":{"start":{"line":0,"column":0},"end":{"line":0,"column":0},"skip":true},"42":{"start":{"line":0,"column":0},"end":{"line":0,"column":0},"skip":true},"43":{"start":{"line":0,"column":0},"end":{"line":0,"column":0},"skip":true},"44":{"start":{"line":0,"column":0},"end":{"line":0,"column":0},"skip":true},"45":{"start":{"line":0,"column":0},"end":{"line":0,"column":0},"skip":true},"46":{"start":{"line":0,"column":0},"end":{"line":0,"column":0},"skip":true},"47":{"start":{"line":0,"column":0},"end":{"line":0,"column":0},"skip":true},"48":{"start":{"line":9,"column":2},"end":{"line":12,"column":3}},"49":{"start":{"line":9,"column":21},"end":{"line":9,"column":21}},"50":{"start":{"line":9,"column":21},"end":{"line":9,"column":21}},"51":{"start":{"line":11,"column":4},"end":{"line":11,"column":4}},"52":{"start":{"line":9,"column":21},"end":{"line":9,"column":21}},"53":{"start":{"line":0,"column":0},"end":{"line":0,"column":0},"skip":true},"54":{"start":{"line":14,"column":11},"end":{"line":14,"column":11}},"55":{"start":{"line":15,"column":4},"end":{"line":15,"column":4}},"56":{"start":{"line":16,"column":4},"end":{"line":16,"column":4}},"57":{"start":{"line":59,"column":16},"end":{"line":59,"column":16}},"58":{"start":{"line":60,"column":16},"end":{"line":60,"column":16}},"59":{"start":{"line":67,"column":14},"end":{"line":67,"column":14}},"60":{"start":{"line":68,"column":19},"end":{"line":68,"column":19}},"61":{"start":{"line":0,"column":0},"end":{"line":0,"column":0},"skip":true},"62":{"start":{"line":80,"column":0},"end":{"line":80,"column":0}},"63":{"start":{"line":0,"column":0},"end":{"line":0,"column":0},"skip":true}},"branchMap":{"1":{"line":7,"type":"binary-expr","locations":[{"start":{"line":0,"column":0},"end":{"line":0,"column":0},"skip":true},{"start":{"line":0,"column":0},"end":{"line":0,"column":0},"skip":true}]},"2":{"line":7,"type":"if","locations":[{"start":{"line":0,"column":0},"end":{"line":0,"column":0},"skip":true},{"start":{"line":0,"column":0},"end":{"line":0,"column":0},"skip":true}]},"3":{"line":9,"type":"binary-expr","locations":[{"start":{"line":0,"column":0},"end":{"line":0,"column":0},"skip":true},{"start":{"line":0,"column":0},"end":{"line":0,"column":0},"skip":true}]},"4":{"line":9,"type":"if","locations":[{"start":{"line":0,"column":0},"end":{"line":0,"column":0},"skip":true},{"start":{"line":0,"column":0},"end":{"line":0,"column":0},"skip":true}]},"5":{"line":9,"type":"if","locations":[{"start":{"line":0,"column":0},"end":{"line":0,"column":0},"skip":true},{"start":{"line":0,"column":0},"end":{"line":0,"column":0},"skip":true}]},"6":{"line":9,"type":"if","locations":[{"start":{"line":0,"column":0},"end":{"line":0,"column":0},"skip":true},{"start":{"line":0,"column":0},"end":{"line":0,"column":0},"skip":true}]},"7":{"line":25,"type":"cond-expr","locations":[{"start":{"line":0,"column":0},"end":{"line":0,"column":0},"skip":true},{"start":{"line":0,"column":0},"end":{"line":0,"column":0},"skip":true}]},"8":{"line":25,"type":"binary-expr","locations":[{"start":{"line":0,"column":0},"end":{"line":0,"column":0},"skip":true},{"start":{"line":0,"column":0},"end":{"line":0,"column":0},"skip":true}]},"9":{"line":27,"type":"if","locations":[{"start":{"line":0,"column":0},"end":{"line":0,"column":0},"skip":true},{"start":{"line":0,"column":0},"end":{"line":0,"column":0},"skip":true}]},"10":{"line":29,"type":"if","locations":[{"start":{"line":0,"column":0},"end":{"line":0,"column":0},"skip":true},{"start":{"line":0,"column":0},"end":{"line":0,"column":0},"skip":true}]},"11":{"line":29,"type":"cond-expr","locations":[{"start":{"line":0,"column":0},"end":{"line":0,"column":0},"skip":true},{"start":{"line":0,"column":0},"end":{"line":0,"column":0},"skip":true}]},"12":{"line":29,"type":"binary-expr","locations":[{"start":{"line":0,"column":0},"end":{"line":0,"column":0},"skip":true},{"start":{"line":0,"column":0},"end":{"line":0,"column":0},"skip":true},{"start":{"line":0,"column":0},"end":{"line":0,"column":0},"skip":true}]},"13":{"line":31,"type":"if","locations":[{"start":{"line":0,"column":0},"end":{"line":0,"column":0},"skip":true},{"start":{"line":0,"column":0},"end":{"line":0,"column":0},"skip":true}]},"14":{"line":31,"type":"binary-expr","locations":[{"start":{"line":0,"column":0},"end":{"line":0,"column":0},"skip":true},{"start":{"line":0,"column":0},"end":{"line":0,"column":0},"skip":true}]},"15":{"line":31,"type":"binary-expr","locations":[{"start":{"line":0,"column":0},"end":{"line":0,"column":0},"skip":true},{"start":{"line":0,"column":0},"end":{"line":0,"column":0},"skip":true}]},"16":{"line":31,"type":"if","locations":[{"start":{"line":0,"column":0},"end":{"line":0,"column":0},"skip":true},{"start":{"line":0,"column":0},"end":{"line":0,"column":0},"skip":true}]},"17":{"line":31,"type":"cond-expr","locations":[{"start":{"line":0,"column":0},"end":{"line":0,"column":0},"skip":true},{"start":{"line":0,"column":0},"end":{"line":0,"column":0},"skip":true}]},"18":{"line":39,"type":"binary-expr","locations":[{"start":{"line":9,"column":21},"end":{"line":9,"column":21}},{"start":{"line":9,"column":21},"end":{"line":9,"column":21}}]},"19":{"line":131,"type":"cond-expr","locations":[{"start":{"line":62,"column":36},"end":{"line":62,"column":16}},{"start":{"line":62,"column":45},"end":{"line":57,"column":12}}]},"20":{"line":137,"type":"cond-expr","locations":[{"start":{"line":66,"column":34},"end":{"line":66,"column":14}},{"start":{"line":66,"column":39},"end":{"line":66,"column":39}}]},"21":{"line":138,"type":"cond-expr","locations":[{"start":{"line":67,"column":39},"end":{"line":67,"column":21}},{"start":{"line":67,"column":43},"end":{"line":67,"column":14}}]}}},"/Users/martinzhou/Documents/Martin/Rice/Comp431/hw5/src/components/article/comment.js":{"path":"/Users/martinzhou/Documents/Martin/Rice/Comp431/hw5/src/components/article/comment.js","s":{"1":1,"2":1,"3":1,"4":1,"5":1,"6":1,"7":1,"8":1,"9":1,"10":1,"11":1,"12":1,"13":1,"14":1,"15":0,"16":1,"17":1,"18":1,"19":1,"20":1,"21":1,"22":1,"23":2,"24":1,"25":0,"26":0,"27":1,"28":0,"29":0,"30":0,"31":1,"32":1,"33":0,"34":1,"35":1,"36":1,"37":1,"38":1,"39":1,"40":0,"41":0,"42":0,"43":0,"44":1,"45":0,"46":0,"47":1,"48":1,"49":1},"b":{"1":[1,1],"2":[1,0],"3":[1,0],"4":[0,1],"5":[0,2],"6":[2,2],"7":[0,0],"8":[0,0],"9":[0,0],"10":[0,0,0],"11":[0,1],"12":[1,0],"13":[1,1],"14":[1,0],"15":[1,0],"16":[0,0]},"f":{"1":1,"2":1,"3":1,"4":2,"5":0,"6":0,"7":1,"8":1,"9":0,"10":0},"fnMap":{"1":{"name":"(anonymous_1)","line":7,"loc":{"start":{"line":0,"column":0},"end":{"line":0,"column":0},"skip":true},"skip":true},"2":{"name":"defineProperties","line":7,"loc":{"start":{"line":0,"column":0},"end":{"line":0,"column":0},"skip":true},"skip":true},"3":{"name":"(anonymous_3)","line":7,"loc":{"start":{"line":0,"column":0},"end":{"line":0,"column":0},"skip":true},"skip":true},"4":{"name":"_interopRequireDefault","line":19,"loc":{"start":{"line":0,"column":0},"end":{"line":0,"column":0},"skip":true},"skip":true},"5":{"name":"_classCallCheck","line":21,"loc":{"start":{"line":0,"column":0},"end":{"line":0,"column":0},"skip":true},"skip":true},"6":{"name":"_possibleConstructorReturn","line":23,"loc":{"start":{"line":0,"column":0},"end":{"line":0,"column":0},"skip":true},"skip":true},"7":{"name":"_inherits","line":25,"loc":{"start":{"line":0,"column":0},"end":{"line":0,"column":0},"skip":true},"skip":true},"8":{"name":"(anonymous_8)","line":27,"loc":{"start":{"line":0,"column":0},"end":{"line":0,"column":0},"skip":true},"skip":true},"9":{"name":"Comment","line":30,"loc":{"start":{"line":7,"column":4},"end":{"line":7,"column":23}}},"10":{"name":"render","line":41,"loc":{"start":{"line":0,"column":0},"end":{"line":0,"column":0},"skip":true},"skip":true}},"statementMap":{"1":{"start":{"line":0,"column":0},"end":{"line":0,"column":0},"skip":true},"2":{"start":{"line":0,"column":0},"end":{"line":0,"column":0},"skip":true},"3":{"start":{"line":0,"column":0},"end":{"line":0,"column":0},"skip":true},"4":{"start":{"line":0,"column":0},"end":{"line":0,"column":0},"skip":true},"5":{"start":{"line":0,"column":0},"end":{"line":0,"column":0},"skip":true},"6":{"start":{"line":0,"column":0},"end":{"line":0,"column":0},"skip":true},"7":{"start":{"line":0,"column":0},"end":{"line":0,"column":0},"skip":true},"8":{"start":{"line":0,"column":0},"end":{"line":0,"column":0},"skip":true},"9":{"start":{"line":0,"column":0},"end":{"line":0,"column":0},"skip":true},"10":{"start":{"line":0,"column":0},"end":{"line":0,"column":0},"skip":true},"11":{"start":{"line":0,"column":0},"end":{"line":0,"column":0},"skip":true},"12":{"start":{"line":0,"column":0},"end":{"line":0,"column":0},"skip":true},"13":{"start":{"line":0,"column":0},"end":{"line":0,"column":0},"skip":true},"14":{"start":{"line":0,"column":0},"end":{"line":0,"column":0},"skip":true},"15":{"start":{"line":0,"column":0},"end":{"line":0,"column":0},"skip":true},"16":{"start":{"line":0,"column":0},"end":{"line":0,"column":0},"skip":true},"17":{"start":{"line":1,"column":-15},"end":{"line":1,"column":-15}},"18":{"start":{"line":0,"column":0},"end":{"line":0,"column":0},"skip":true},"19":{"start":{"line":2,"column":0},"end":{"line":2,"column":0}},"20":{"start":{"line":0,"column":0},"end":{"line":0,"column":0},"skip":true},"21":{"start":{"li
[...]
start":{"line":71,"column":8},"end":{"line":71,"column":8}},"43":{"start":{"line":74,"column":4},"end":{"line":74,"column":4}},"44":{"start":{"line":76,"column":8},"end":{"line":76,"column":8}},"45":{"start":{"line":83,"column":8},"end":{"line":83,"column":8}},"46":{"start":{"line":84,"column":12},"end":{"line":84,"column":12}},"47":{"start":{"line":86,"column":8},"end":{"line":86,"column":8}}},"branchMap":{"1":{"line":17,"type":"cond-expr","locations":[{"start":{"line":0,"column":0},"end":{"line":0,"column":0},"skip":true},{"start":{"line":0,"column":0},"end":{"line":0,"column":0},"skip":true}]},"2":{"line":17,"type":"binary-expr","locations":[{"start":{"line":0,"column":0},"end":{"line":0,"column":0},"skip":true},{"start":{"line":0,"column":0},"end":{"line":0,"column":0},"skip":true}]},"3":{"line":26,"type":"if","locations":[{"start":{"line":13,"column":8},"end":{"line":13,"column":8}},{"start":{"line":13,"column":8},"end":{"line":13,"column":8}}]},"4":{"line":37,"type":"if","locations":[{"start":{"line":25,"column":8},"end":{"line":25,"column":8}},{"start":{"line":25,"column":8},"end":{"line":25,"column":8}}]}}},"/Users/martinzhou/Documents/Martin/Rice/Comp431/hw5/src/components/profile/profileActions.spec.js":{"path":"/Users/martinzhou/Documents/Martin/Rice/Comp431/hw5/src/components/profile/profileActions.spec.js","s":{"1":1,"2":1,"3":1,"4":1,"5":1,"6":1,"7":1,"8":1,"9":2,"10":1,"11":0,"12":0,"13":0,"14":0,"15":0,"16":0,"17":0,"18":0,"19":0},"b":{"1":[0,2],"2":[2,2]},"f":{"1":2,"2":0,"3":0,"4":0,"5":0},"fnMap":{"1":{"name":"_interopRequireDefault","line":17,"loc":{"start":{"line":0,"column":0},"end":{"line":0,"column":0},"skip":true},"skip":true},"2":{"name":"(anonymous_2)","line":19,"loc":{"start":{"line":9,"column":42},"end":{"line":9,"column":48}}},"3":{"name":"(anonymous_3)","line":21,"loc":{"start":{"line":11,"column":43},"end":{"line":11,"column":51}}},"4":{"name":"(anonymous_4)","line":22,"loc":{"start":{"line":12,"column":23},"end":{"line":12,"column":23}}},"5":{"name":"(anonymous_5)","line":28,"loc":{"start":{"line":16,"column":33},"end":{"line":16,"column":41}}}},"statementMap":{"1":{"start":{"line":1,"column":-15},"end":{"line":1,"column":-15}},"2":{"start":{"line":2,"column":0},"end":{"line":2,"column":0}},"3":{"start":{"line":0,"column":0},"end":{"line":0,"column":0},"skip":true},"4":{"start":{"line":3,"column":0},"end":{"line":3,"column":0}},"5":{"start":{"line":0,"column":0},"end":{"line":0,"column":0},"skip":true},"6":{"start":{"line":4,"column":0},"end":{"line":4,"column":0}},"7":{"start":{"line":5,"column":0},"end":{"line":5,"column":0}},"8":{"start":{"line":0,"column":0},"end":{"line":0,"column":0},"skip":true},"9":{"start":{"line":0,"column":0},"end":{"line":0,"column":0},"skip":true},"10":{"start":{"line":9,"column":0},"end":{"line":9,"column":0}},"11":{"start":{"line":11,"column":4},"end":{"line":11,"column":4}},"12":{"start":{"line":12,"column":8},"end":{"line":12,"column":8}},"13":{"start":{"line":12,"column":23},"end":{"line":12,"column":23}},"14":{"start":{"line":13,"column":8},"end":{"line":13,"column":8}},"15":{"start":{"line":16,"column":4},"end":{"line":16,"column":4}},"16":{"start":{"line":17,"column":2},"end":{"line":17,"column":2}},"17":{"start":{"line":18,"column":2},"end":{"line":18,"column":2}},"18":{"start":{"line":19,"column":2},"end":{"line":19,"column":2}},"19":{"start":{"line":20,"column":2},"end":{"line":20,"column":2}}},"branchMap":{"1":{"line":17,"type":"cond-expr","locations":[{"start":{"line":0,"column":0},"end":{"line":0,"column":0},"skip":true},{"start":{"line":0,"column":0},"end":{"line":0,"column":0},"skip":true}]},"2":{"line":17,"type":"binary-expr","locations":[{"start":{"line":0,"column":0},"end":{"line":0,"column":0},"skip":true},{"start":{"line":0,"column":0},"end":{"line":0,"column":0},"skip":true}]}}},"/Users/martinzhou/Documents/Martin/Rice/Comp431/hw5/src/components/profile/profileForm.spec.js":{"path":"/Users/martinzhou/Documents/Martin/Rice/Comp431/hw5/src/components/profile/profileForm.spec.js","s":{},"b":{},"f":{},"fnMap":{},"statementMap":{},"branchMap":{}},"/Users/martinzhou/Documents/Martin/Rice/Comp431/hw5/src/index.js":{"path":"/Users/martinzhou/Documents/Martin/Rice/Comp431/hw5/src/index.js","s":{"1":1,"2":1,"3":1,"4":1,"5":1,"6":1,"7":1,"8":1,"9":1,"10":1,"11":1,"12":1,"13":1,"14":1,"15":1,"16":5,"17":1,"18":0,"19":0,"20":0,"21":0},"b":{"1":[3,2],"2":[5,5]},"f":{"1":5},"fnMap":{"1":{"name":"_interopRequireDefault","line":31,"loc":{"start":{"line":0,"column":0},"end":{"line":0,"column":0},"skip":true},"skip":true}},"statementMap":{"1":{"start":{"line":4,"column":0},"end":{"line":4,"column":0}},"2":{"start":{"line":0,"column":0},"end":{"line":0,"column":0},"skip":true},"3":{"start":{"line":5,"column":0},"end":{"line":5,"column":0}},"4":{"start":{"line":6,"column":0},"end":{"line":6,"column":0}},"5":{"start":{"line":8,"column":0},"end":{"line":8,"column":0}},"6":{"start":{"line":9,"column":0},"end":{"line":9,"column":0}},"7":{"start":{"line":0,"column":0},"end":{"line":0,"column":0},"skip":true},"8":{"start":{"line":10,"column":0},"end":{"line":10,"column":0}},"9":{"start":{"line":0,"column":0},"end":{"line":0,"column":0},"skip":true},"10":{"start":{"line":12,"column":0},"end":{"line":12,"column":0}},"11":{"start":{"line":0,"column":0},"end":{"line":0,"column":0},"skip":true},"12":{"start":{"line":13,"column":0},"end":{"line":13,"column":0}},"13":{"start":{"line":0,"column":0},"end":{"line":0,"column":0},"skip":true},"14":{"start":{"line":15,"column":0},"end":{"line":15,"column":0}},"15":{"start":{"line":0,"column":0},"end":{"line":0,"column":0},"skip":true},"16":{"start":{"line":0,"column":0},"end":{"line":0,"column":0},"skip":true},"17":{"start":{"line":1,"column":-15},"end":{"line":1,"column":-15}},"18":{"start":{"line":17,"column":0},"end":{"line":17,"column":0}},"19":{"start":{"line":19,"column":0},"end":{"line":19,"column":0}},"20":{"start":{"line":21,"column":0},"end":{"line":21,"column":0}},"21":{"start":{"line":23,"column":0},"end":{"line":23,"column":0}}},"branchMap":{"1":{"line":31,"type":"cond-expr","locations":[{"start":{"line":0,"column":0},"end":{"line":0,"column":0},"skip":true},{"start":{"line":0,"column":0},"end":{"line":0,"column":0},"skip":true}]},"2":{"line":31,"type":"binary-expr","locations":[{"start":{"line":0,"column":0},"end":{"line":0,"column":0},"skip":true},{"start":{"line":0,"column":0},"end":{"line":0,"column":0},"skip":true}]}}},"/Users/martinzhou/Documents/Martin/Rice/Comp431/hw5/src/reducers.js":{"path":"/Users/martinzhou/Documents/Martin/Rice/Comp431/hw5/src/reducers.js","s":{"1":1,"2":1,"3":0,"4":0,"5":0,"6":0,"7":0,"8":0,"9":1,"10":1,"11":1,"12":1,"13":1,"14":1,"15":1,"16":2,"17":2,"18":2,"19":0,"20":0,"21":0,"22":2,"23":1,"24":3,"25":3,"26":3,"27":0,"28":0,"29":0,"30":0,"31":0,"32":0,"33":1,"34":2,"35":1,"36":2,"37":2,"38":2,"39":0,"40":0,"41":2,"42":1,"43":4,"44":4,"45":4,"46":1,"47":1,"48":0,"49":2,"50":1,"51":4,"52":4,"53":4,"54":1,"55":1,"56":2,"57":1,"58":1},"b":{"1":[1,0],"2":[0,0],"3":[0,2],"4":[2,2],"5":[0,0,0,2],"6":[1,2],"7":[3,3],"8":[0,0,0,0,0,0,1,2],"9":[0,2],"10":[2,2],"11":[0,0,2],"12":[2,2],"13":[4,4],"14":[1,1,0,2],"15":[2,2],"16":[4,4],"17":[1,1,2]},"f":{"1":0,"2":2,"3":3,"4":2,"5":4,"6":4},"fnMap":{"1":{"name":"(anonymous_1)","line":7,"loc":{"start":{"line":0,"column":0},"end":{"line":0,"column":0},"skip":true},"skip":true},"2":{"name":"navigate","line":17,"loc":{"start":{"line":3,"column":7},"end":{"line":3,"column":65}}},"3":{"name":"profile","line":33,"loc":{"start":{"line":16,"column":7},"end":{"line":16,"column":132}}},"4":{"name":"followers","line":57,"loc":{"start":{"line":37,"column":7},"end":{"line":37,"column":61}}},"5":{"name":"articles","line":71,"loc":{"start":{"line":48,"column":7},"end":{"line":48,"column":91}}},"6":{"name":"error","line":87,"loc":{"start":{"line":61,"column":7},"end":{"line":61,"column":65}}}},"statementMap":{"1":{"start":{"line":0,"column":0},"end":{"line":0,"column":0},"skip":true},"2":{"start":{"line":0,"column":0},"end":{"line":0,"column":0},"skip":true},"3":{"start":{"line":0,"column":0},"end":{"line":0,"column":0},"skip":true},"4":{"start":{"line":0,"column":0},"end":{"line":0,"column":0},"skip":true},"5":{"start":{"line":0,"column":0},"end":{"line":0,"column":0},"skip":true},"6":{"start":{"line":0,"column":0},"end":{"line":0,"column":0},"skip":true},"7":{"start":{"line":0,"column":0},"end":{"line":0,"column":0},"skip":true},"8":{"start":{"line":0,"column":0},"end":{"line":0,"column":0},"skip":true},"9":{"start":{"line":0,"column":0},"end":{"line":0,"column":0},"skip":true},"10":{"start":{"line":0,"column":0},"end":{"line":0,"column":0},"skip":true},"11":{"start":{"line":0,"column":0},"end":{"line":0,"column":0},"skip":true},"12":{"start":{"line":0,"column":0},"end":{"line":0,"column":0},"skip":true},"13":{"start":{"line":0,"column":0},"end":{"line":0,"column":0},"skip":true},"14":{"start":{"line":1,"column":-15},"end":{"line":1,"column":-15}},"15":{"start":{"line":3,"column":7},"end":{"line":14,"column":1}},"16":{"start":{"line":3,"column":65},"end":{"line":3,"column":65}},"17":{"start":{"line":3,"column":65},"end":{"line":3,"column":65}},"18":{"start":{"line":4,"column":4},"end":{"line":4,"column":4}},"19":{"start":{"line":6,"column":12},"end":{"line":6,"column":12}},"20":{"start":{"line":8,"column":12},"end":{"line":8,"column":12}},"21":{"start":{"line":10,"column":12},"end":{"line":10,"column":12}},"22":{"start":{"line":12,"column":12},"end":{"line":12,"column":12}},"23":{"start":{"line":16,"column":7},"end":{"line":35,"column":1}},"24":{"start":{"line":16,"column":132},"end":{"line":16,"column":132}},"25":{"start":{"line":16,"column":132},"end":{"line":16,"column":132}},"26":{"start":{"line":17,"column":4},"end":{"line":17,"column":4}},"27":{"start":{"line":19,"column":12},"end":{"line":19,"column":12}},"28":{"start":{"line":21,"column":12},"end":{"line":21,"column":12}},"29":{"start":{"line":23,"column":12},"end":{"line":23,"column":12}},"30":{"start":{"line":25,"column":12},"end":{"line":25,"column":12}},"31":{"start":{"line":27,"column":12},"end":{"line":27,"column":12}},"32":{"start":{"line":29,"column":12},"end":{"line":29,"column":12}},"33":{"start":{"line":31,"column":12},"end":{"line":31,"column":12}},"34":{"start":{"line":33,"column":12},"end":{"line":33,"column":12}},"35":{"start":{"line":37,"column":7},"end":{"line":46,"column":1}},"36":{"start":{"line":37,"column":61},"end":{"line":37,"column":61}},"37":{"start":{"line":37,"column":61},"end":{"line":37,"column":61}},"38":{"start":{"line":38,"column":4},"end":{"line":38,"column":4}},"39":{"start":{"line":40,"column":12},"end":{"line":40,"column":12}},"40":{"start":{"line":42,"column":12},"end":{"line":42,"column":12}},"41":{"start":{"line":44,"column":12},"end":{"line":44,"column":12}},"42":{"start":{"line":48,"column":7},"end":{"line":59,"column":1}},"43":{"start":{"line":48,"column":91},"end":{"line":48,"column":91}},"44":{"start":{"line":48,"column":91},"end":{"line":48,"column":91}},"45":{"start":{"line":49,"column":4},"end":{"line":49,"column":4}},"46":{"start":{"line":51,"column":12},"end":{"line":51,"column":12}},"47":{"start":{"line":53,"column":12},"end":{"line":53,"column":12}},"48":{"start":{"line":55,"column":12},"end":{"line":55,"column":12}},"49":{"start":{"line":57,"column":12},"end":{"line":57,"column":12}},"50":{"start":{"line":61,"column":7},"end":{"line":70,"column":1}},"51":{"start":{"line":61,"column":65},"end":{"line":61,"column":65}},"52":{"start":{"line":61,"column":65},"end":{"line":61,"column":65}},"53":{"start":{"line":62,"column":4},"end":{"line":62,"column":4}},"54":{"start":{"line":64,"column":12},"end":{"line":64,"column":12}},"55":{"start":{"line":66,"column":12},"end":{"line":66,"column":12}},"56":{"start":{"line":68,"column":12},"end":{"line":68,"column":12}},"57":{"start":{"line":72,"column":0},"end":{"line":72,"column":0}},"58":{"start":{"line":0,"column":0},"end":{"line":0,"column":0},"skip":true}},"branchMap":{"1":{"line":7,"type":"binary-expr","locations":[{"start":{"line":0,"column":0},"end":{"line":0,"column":0},"skip":true},{"start":{"line":0,"column":0},"end":{"line":0,"column":0},"skip":true}]},"2":{"line":7,"type":"if","locations":[{"start":{"line":0,"column":0},"end":{"line":0,"column":0},"skip":true},{"start":{"line":0,"column":0},"end":{"line":0,"column":0},"skip":true}]},"3":{"line":18,"type":"cond-expr","locations":[{"start":{"line":3,"column":65},"end":{"line":3,"column":65}},{"start":{"line":3,"column":33},"end":{"line":3,"column":65}}]},"4":{"line":18,"type":"binary-expr","locations":[{"start":{"line":3,"column":65},"end":{"line":3,"column":65}},{"start":{"line":3,"column":65},"end":{"line":3,"column":65}}]},"5":{"line":21,"type":"switch","locations":[{"start":{"line":5,"column":8},"end":{"line":6,"column":12}},{"start":{"line":7,"column":8},"end":{"line":8,"column":12}},{"start":{"line":9,"column":8},"end":{"line":10,"column":12}},{"start":{"line":11,"column":8},"end":{"line":12,"column":12}}]},"6":{"line":34,"type":"cond-expr","locations":[{"start":{"line":16,"column":132},"end":{"line":16,"column":132}},{"start":{"line":16,"column":32},"end":{"line":16,"column":132}}]},"7":{"line":34,"type":"binary-expr","locations":[{"start":{"line":16,"column":132},"end":{"line":16,"column":132}},{"start":{"line":16,"column":132},"end":{"line":16,"column":132}}]},"8":{"line":37,"type":"switch","locations":[{"start":{"line":18,"column":8},"end":{"line":19,"column":12}},{"start":{"line":20,"column":8},"end":{"line":21,"column":12}},{"start":{"line":22,"column":8},"end":{"line":23,"column":12}},{"start":{"line":24,"column":8},"end":{"line":25,"column":12}},{"start":{"line":26,"column":8},"end":{"line":27,"column":12}},{"start":{"line":28,"column":8},"end":{"line":29,"column":12}},{"start":{"line":30,"column":8},"end":{"line":31,"column":12}},{"start":{"line":32,"column":8},"end":{"line":33,"column":12}}]},"9":{"line":58,"type":"cond-expr","locations":[{"start":{"line":37,"column":61},"end":{"line":37,"column":61}},{"start":{"line":37,"column":34},"end":{"line":37,"column":61}}]},"10":{"line":58,"type":"binary-expr","locations":[{"start":{"line":37,"column":61},"end":{"line":37,"column":61}},{"start":{"line":37,"column":61},"end":{"line":37,"column":61}}]},"11":{"line":61,"type":"switch","locations":[{"start":{"line":39,"column":8},"end":{"line":40,"column":12}},{"start":{"line":41,"column":8},"end":{"line":42,"column":12}},{"start":{"line":43,"column":8},"end":{"line":44,"column":12}}]},"12":{"line":72,"type":"cond-expr","locations":[{"start":{"line":48,"column":91},"end":{"line":48,"column":91}},{"start":{"line":48,"column":33},"end":{"line":48,"column":91}}]},"13":{"line":72,"type":"binary-expr","locations":[{"start":{"line":48,"column":91},"end":{"line":48,"column":91}},{"start":{"line":48,"column":91},"end":{"line":48,"column":91}}]},"14":{"line":75,"type":"switch","locations":[{"start":{"line":50,"column":8},"end":{"line":51,"column":12}},{"start":{"line":52,"column":8},"end":{"line":53,"column":12}},{"start":{"line":54,"column":8},"end":{"line":55,"column":12}},{"start":{"line":56,"column":8},"end":{"line":57,"column":12}}]},"15":{"line":88,"type":"cond-expr","locations":[{"start":{"line":61,"column":65},"end":{"line":61,"column":65}},{"start":{"line":61,"column":30},"end":{"line":61,"column":65}}]},"16":{"line":88,"type":"binary-expr","locations":[{"start":{"line":61,"column":65},"end":{"line":61,"column":65}},{"start":{"line":61,"column":65},"end":{"line":61,"column":65}}]},"17":{"line":91,"type":"switch","locations":[{"start":{"line":63,"column":8},"end":{"line":64,"column":12}},{"start":{"line":65,"column":8},"end":{"line":66,"column":12}},{"start":{"line":67,"column":8},"end":{"line":68,"column":12}}]}}},"/Users/martinzhou/Documents/Martin/Rice/Comp431/hw5/src/reducers.spec.js":{"path":"/Users/martinzhou/Documents/Martin/Rice/Comp431/hw5/src/reducers.spec.js","s":{"1":1,"2":1,"3":1,"4":1,"5":1,"6":1,"7":1,"8":2,"9":1,"10":0,"11":0,"12":0,"13":0,"14":0,"15":0,"16":0,"17":0,"18":0,"19":0,"20":0,"21":0,"22":0,"23":0,"24":0,"25":0,"26":0,"27":0,"28":0,"29":0,"30":0,"31":0,"32":0,"33":0,"34":0,"35":0,"36":0,"37":0},"b":{"1":[0,2],"2":[2,2]},"f":{"1":2,"2":0,"3":0,"4":0,"5":0,"6":0,"7":0},"fnMap":{"1":{"name":"_interopRequireDefault","line":15,"loc":{"start":{"line":0,"column":0},"end":{"line":0,"column":0},"skip":true},"skip":true},"2":{"name":"(anonymous_2)","line":17,"loc":{"start":{"line":8,"column":25},"end":{"line":8,"column":31}}},"3":{"name":"(anonymous_3)","line":19,"loc":{"start":{"line":10,"column":34},"end":{"line":10,"column":42}}},"4":{"name":"(anonymous_4)","line":31,"loc":{"start":{"line":22,"column":72},"end":{"line":22,"column":80}}},"5":{"name":"(anonymous_5)","line":38,"loc":{"start":{"line":29,"column":68},"end":{"line":29,"column":76}}},"6":{"name":"(anonymous_6)","line":45,"loc":{"start":{"line":36,"column":34},"end":{"line":36,"column":42}}},"7":{"name":"(anonymous_7)","line":51,"loc":{"start":{"line":42,"column":40},"end":{"line":42,"column":48}}}},"statementMap":{"1":{"start":{"line":1,"column":-15},"end":{"line":1,"column":-15}},"2":{"start":{"line":2,"column":0},"end":{"line":2,"column":0}},"3":{"start":{"line":0,"column":0},"end":{"line":0,"column":0},"skip":true},"4":{"start":{"line":3,"column":0},"end":{"line":3,"column":0}},"5":{"start":{"line":0,"column":0},"end":{"line":0,"column":0},"skip":true},"6":{"start":{"line":4,"column":0},"end":{"line":4,"column":0}},"7":{"start":{"line":0,"column":0},"end":{"line":0,"column":0},"skip":true},"8":{"start":{"line":0,"column":0},"end":{"line":0,"column":0},"skip":true},"9":{"start":{"line":8,"column":0},"end":{"line":8,"column":0}},"10":{"start":{"line":10,"column":4},"end":{"line":10,"column":4}},"11":{"start":{"line":11,"column":8},"end":{"line":11,"column":8}},"12":{"start":{"line":12,"column":8},"end":{"line":12,"column":8}},"13":{"start":{"line":13,"column":8},"end":{"line":13,"column":8}},"14":{"start":{"line":14,"column":8},"end":{"line":14,"column":8}},"15":{"start":{"line":15,"column":8},"end":{"line":15,"column":8}},"16":{"start":{"line":16,"column":8},"end":{"line":16,"column":8}},"17":{"start":{"line":17,"column":8},"end":{"line":17,"column":8}},"18":{"start":{"line":18,"column":8},"end":{"line":18,"column":8}},"19":{"start":{"line":19,"column":8},"end":{"line":19,"column":8}},"20":{"start":{"line":22,"column":4},"end":{"line":22,"column":4}},"21":{"start":{"line":23,"column":8},"end":{"line":23,"column":8}},"22":{"start":{"line":24,"column":8},"end":{"line":24,"column":8}},"23":{"start":{"line":25,"column":8},"end":{"line":25,"column":8}},"24":{"start":{"line":26,"column":8},"end":{"line":26,"column":8}},"25":{"start":{"line":29,"column":4},"end":{"line":29,"column":4}},"26":{"start":{"line":30,"column":8},"end":{"line":30,"column":8}},"27":{"start":{"line":31,"column":8},"end":{"line":31,"column":8}},"28":{"start":{"line":32,"column":8},"end":{"line":32,"column":8}},"29":{"start":{"line":33,"column":8},"end":{"line":33,"column":8}},"30":{"start":{"line":36,"column":4},"end":{"line":36,"column":4}},"31":{"start":{"line":37,"column":8},"end":{"line":37,"column":8}},"32":{"start":{"line":38,"column":8},"end":{"line":38,"column":8}},"33":{"start":{"line":39,"column":8},"end":{"line":39,"column":8}},"34":{"start":{"line":42,"column":4},"end":{"line":42,"column":4}},"35":{"start":{"line":43,"column":8},"end":{"line":43,"column":8}},"36":{"start":{"line":44,"column":8},"end":{"line":44,"column":8}},"37":{"start":{"line":45,"column":8},"end":{"line":45,"column":8}}},"branchMap":{"1":{"line":15,"type":"cond-expr","locations":[{"start":{"line":0,"column":0},"end":{"line":0,"column":0},"skip":true},{"start":{"line":0,"column":0},"end":{"line":0,"column":0},"skip":true}]},"2":{"line":15,"type":"binary-expr","locations":[{"start":{"line":0,"column":0},"end":{"line":0,"column":0},"skip":true},{"start":{"line":0,"column":0},"end":{"line":0,"column":0},"skip":true}]}}}}