
> starter@1.0.0 e2e:base /Users/martinzhou/Documents/Martin/Rice/Comp431/hw6/Frontend
> mocha --opts e2e/mocha.opts e2e/*.spec.js "--reporter" "xunit"

<testsuite name="Mocha Tests" tests="11" failures="0" errors="0" skipped="0" timestamp="Wed, 09 Nov 2016 07:01:05 GMT" time="15.029">
<testcase classname="Test Landing Page" name="should register a new user" time="1.903"/>
<testcase classname="Test Main Page" name="should log in as test user" time="0.529"/>
<testcase classname="Test Main Page" name="should create a new article" time="0.641"/>
<testcase classname="Test Main Page" name="should edit an article" time="0.616"/>
<testcase classname="Test Main Page" name="should update the status headline" time="0.17"/>
<testcase classname="Test Main Page" name="should add and remove a follower" time="1.212"/>
<testcase classname="Test Main Page" name="should search special &amp;quot" time="0.608"/>
<testcase classname="Test Main Page" name="should update email" time="1.135"/>
<testcase classname="Test Main Page" name="should update zipcode" time="1.118"/>
<testcase classname="Test Main Page" name="should update password" time="0.68"/>
<testcase classname="shutdown" name="now" time="0.11"/>
</testsuite>
